{"/home/kaue/Área de trabalho/Pós/Fase 1 /TechChallange/backend/src/app.controller.ts": {"path":"/home/kaue/Área de trabalho/Pós/Fase 1 /TechChallange/backend/src/app.controller.ts","statementMap":{"0":{"start":{"line":1,"column":0},"end":{"line":1,"column":49}},"1":{"start":{"line":2,"column":0},"end":{"line":2,"column":43}},"2":{"start":{"line":5,"column":7},"end":{"line":12,"column":null}},"3":{"start":{"line":6,"column":31},"end":{"line":6,"column":43}},"4":{"start":{"line":10,"column":4},"end":{"line":10,"column":38}},"5":{"start":{"line":5,"column":13},"end":{"line":5,"column":26}},"6":{"start":{"line":9,"column":2},"end":{"line":11,"column":null}},"7":{"start":{"line":5,"column":13},"end":{"line":12,"column":null}}},"fnMap":{"0":{"name":"(anonymous_2)","decl":{"start":{"line":6,"column":2},"end":{"line":6,"column":31}},"loc":{"start":{"line":6,"column":53},"end":{"line":6,"column":57}}},"1":{"name":"(anonymous_3)","decl":{"start":{"line":9,"column":2},"end":{"line":9,"column":10}},"loc":{"start":{"line":9,"column":10},"end":{"line":11,"column":3}}}},"branchMap":{"0":{"loc":{"start":{"line":6,"column":43},"end":{"line":6,"column":56}},"type":"cond-expr","locations":[{"start":{"line":6,"column":53},"end":{"line":6,"column":56}},{"start":{"line":6,"column":53},"end":{"line":6,"column":56}}]},"1":{"loc":{"start":{"line":6,"column":43},"end":{"line":6,"column":53}},"type":"binary-expr","locations":[{"start":{"line":6,"column":43},"end":{"line":6,"column":56}},{"start":{"line":6,"column":43},"end":{"line":6,"column":53}}]}},"s":{"0":1,"1":1,"2":1,"3":1,"4":1,"5":1,"6":1,"7":1},"f":{"0":1,"1":1},"b":{"0":[1,0],"1":[1,1]}}
,"/home/kaue/Área de trabalho/Pós/Fase 1 /TechChallange/backend/src/app.module.ts": {"path":"/home/kaue/Área de trabalho/Pós/Fase 1 /TechChallange/backend/src/app.module.ts","statementMap":{"0":{"start":{"line":1,"column":0},"end":{"line":1,"column":40}},"1":{"start":{"line":2,"column":0},"end":{"line":2,"column":49}},"2":{"start":{"line":3,"column":0},"end":{"line":3,"column":43}},"3":{"start":{"line":4,"column":0},"end":{"line":4,"column":57}},"4":{"start":{"line":5,"column":0},"end":{"line":5,"column":60}},"5":{"start":{"line":6,"column":0},"end":{"line":6,"column":51}},"6":{"start":{"line":7,"column":0},"end":{"line":7,"column":80}},"7":{"start":{"line":8,"column":0},"end":{"line":8,"column":54}},"8":{"start":{"line":9,"column":0},"end":{"line":9,"column":77}},"9":{"start":{"line":10,"column":0},"end":{"line":10,"column":48}},"10":{"start":{"line":17,"column":7},"end":{"line":17,"column":null}},"11":{"start":{"line":17,"column":13},"end":{"line":17,"column":22}},"12":{"start":{"line":17,"column":13},"end":{"line":17,"column":null}}},"fnMap":{},"branchMap":{},"s":{"0":0,"1":0,"2":0,"3":0,"4":0,"5":0,"6":0,"7":0,"8":0,"9":0,"10":0,"11":0,"12":0},"f":{},"b":{}}
,"/home/kaue/Área de trabalho/Pós/Fase 1 /TechChallange/backend/src/app.service.ts": {"path":"/home/kaue/Área de trabalho/Pós/Fase 1 /TechChallange/backend/src/app.service.ts","statementMap":{"0":{"start":{"line":1,"column":0},"end":{"line":1,"column":44}},"1":{"start":{"line":4,"column":7},"end":{"line":8,"column":null}},"2":{"start":{"line":6,"column":4},"end":{"line":6,"column":26}},"3":{"start":{"line":4,"column":13},"end":{"line":4,"column":23}},"4":{"start":{"line":4,"column":13},"end":{"line":8,"column":null}}},"fnMap":{"0":{"name":"(anonymous_1)","decl":{"start":{"line":5,"column":2},"end":{"line":5,"column":10}},"loc":{"start":{"line":5,"column":10},"end":{"line":7,"column":3}}}},"branchMap":{},"s":{"0":1,"1":1,"2":1,"3":1,"4":1},"f":{"0":1},"b":{}}
,"/home/kaue/Área de trabalho/Pós/Fase 1 /TechChallange/backend/src/main.ts": {"path":"/home/kaue/Área de trabalho/Pós/Fase 1 /TechChallange/backend/src/main.ts","statementMap":{"0":{"start":{"line":1,"column":0},"end":{"line":1,"column":43}},"1":{"start":{"line":2,"column":0},"end":{"line":2,"column":41}},"2":{"start":{"line":3,"column":0},"end":{"line":3,"column":48}},"3":{"start":{"line":4,"column":0},"end":{"line":4,"column":65}},"4":{"start":{"line":7,"column":14},"end":{"line":7,"column":49}},"5":{"start":{"line":9,"column":2},"end":{"line":12,"column":6}},"6":{"start":{"line":14,"column":17},"end":{"line":19,"column":12}},"7":{"start":{"line":21,"column":19},"end":{"line":21,"column":60}},"8":{"start":{"line":22,"column":2},"end":{"line":22,"column":49}},"9":{"start":{"line":24,"column":2},"end":{"line":24,"column":45}},"10":{"start":{"line":26,"column":0},"end":{"line":26,"column":12}}},"fnMap":{"0":{"name":"bootstrap","decl":{"start":{"line":6,"column":15},"end":{"line":6,"column":24}},"loc":{"start":{"line":6,"column":24},"end":{"line":25,"column":1}}}},"branchMap":{"0":{"loc":{"start":{"line":24,"column":19},"end":{"line":24,"column":43}},"type":"binary-expr","locations":[{"start":{"line":24,"column":19},"end":{"line":24,"column":35}},{"start":{"line":24,"column":39},"end":{"line":24,"column":43}}]}},"s":{"0":0,"1":0,"2":0,"3":0,"4":0,"5":0,"6":0,"7":0,"8":0,"9":0,"10":0},"f":{"0":0},"b":{"0":[0,0]}}
,"/home/kaue/Área de trabalho/Pós/Fase 1 /TechChallange/backend/src/auth/auth.controller.ts": {"path":"/home/kaue/Área de trabalho/Pós/Fase 1 /TechChallange/backend/src/auth/auth.controller.ts","statementMap":{"0":{"start":{"line":1,"column":0},"end":{"line":1,"column":50}},"1":{"start":{"line":2,"column":0},"end":{"line":2,"column":45}},"2":{"start":{"line":5,"column":7},"end":{"line":12,"column":null}},"3":{"start":{"line":6,"column":31},"end":{"line":6,"column":44}},"4":{"start":{"line":10,"column":4},"end":{"line":10,"column":41}},"5":{"start":{"line":5,"column":13},"end":{"line":5,"column":27}},"6":{"start":{"line":9,"column":2},"end":{"line":11,"column":null}},"7":{"start":{"line":5,"column":13},"end":{"line":12,"column":null}}},"fnMap":{"0":{"name":"(anonymous_2)","decl":{"start":{"line":6,"column":2},"end":{"line":6,"column":31}},"loc":{"start":{"line":6,"column":55},"end":{"line":6,"column":59}}},"1":{"name":"(anonymous_3)","decl":{"start":{"line":9,"column":2},"end":{"line":9,"column":12}},"loc":{"start":{"line":9,"column":12},"end":{"line":11,"column":3}}}},"branchMap":{"0":{"loc":{"start":{"line":6,"column":44},"end":{"line":6,"column":58}},"type":"cond-expr","locations":[{"start":{"line":6,"column":55},"end":{"line":6,"column":58}},{"start":{"line":6,"column":55},"end":{"line":6,"column":58}}]},"1":{"loc":{"start":{"line":6,"column":44},"end":{"line":6,"column":55}},"type":"binary-expr","locations":[{"start":{"line":6,"column":44},"end":{"line":6,"column":58}},{"start":{"line":6,"column":44},"end":{"line":6,"column":55}}]}},"s":{"0":0,"1":0,"2":0,"3":0,"4":0,"5":0,"6":0,"7":0},"f":{"0":0,"1":0},"b":{"0":[0,0],"1":[0,0]}}
,"/home/kaue/Área de trabalho/Pós/Fase 1 /TechChallange/backend/src/auth/auth.module.ts": {"path":"/home/kaue/Área de trabalho/Pós/Fase 1 /TechChallange/backend/src/auth/auth.module.ts","statementMap":{"0":{"start":{"line":1,"column":0},"end":{"line":1,"column":40}},"1":{"start":{"line":2,"column":0},"end":{"line":2,"column":45}},"2":{"start":{"line":3,"column":0},"end":{"line":3,"column":51}},"3":{"start":{"line":4,"column":0},"end":{"line":4,"column":40}},"4":{"start":{"line":5,"column":0},"end":{"line":5,"column":50}},"5":{"start":{"line":6,"column":0},"end":{"line":6,"column":45}},"6":{"start":{"line":19,"column":7},"end":{"line":19,"column":null}},"7":{"start":{"line":19,"column":13},"end":{"line":19,"column":23}},"8":{"start":{"line":19,"column":13},"end":{"line":19,"column":null}}},"fnMap":{},"branchMap":{"0":{"loc":{"start":{"line":12,"column":14},"end":{"line":12,"column":63}},"type":"binary-expr","locations":[{"start":{"line":12,"column":14},"end":{"line":12,"column":36}},{"start":{"line":12,"column":40},"end":{"line":12,"column":63}}]}},"s":{"0":0,"1":0,"2":0,"3":0,"4":0,"5":0,"6":0,"7":0,"8":0},"f":{},"b":{"0":[0,0]}}
,"/home/kaue/Área de trabalho/Pós/Fase 1 /TechChallange/backend/src/auth/auth.service.ts": {"path":"/home/kaue/Área de trabalho/Pós/Fase 1 /TechChallange/backend/src/auth/auth.service.ts","statementMap":{"0":{"start":{"line":1,"column":0},"end":{"line":1,"column":44}},"1":{"start":{"line":2,"column":0},"end":{"line":2,"column":41}},"2":{"start":{"line":5,"column":7},"end":{"line":14,"column":null}},"3":{"start":{"line":6,"column":22},"end":{"line":6,"column":34}},"4":{"start":{"line":9,"column":20},"end":{"line":9,"column":55}},"5":{"start":{"line":10,"column":4},"end":{"line":12,"column":6}},"6":{"start":{"line":5,"column":13},"end":{"line":5,"column":24}},"7":{"start":{"line":5,"column":13},"end":{"line":14,"column":null}}},"fnMap":{"0":{"name":"(anonymous_2)","decl":{"start":{"line":6,"column":2},"end":{"line":6,"column":22}},"loc":{"start":{"line":6,"column":44},"end":{"line":6,"column":48}}},"1":{"name":"(anonymous_3)","decl":{"start":{"line":8,"column":2},"end":{"line":8,"column":7}},"loc":{"start":{"line":8,"column":18},"end":{"line":13,"column":3}}}},"branchMap":{"0":{"loc":{"start":{"line":6,"column":34},"end":{"line":6,"column":47}},"type":"cond-expr","locations":[{"start":{"line":6,"column":44},"end":{"line":6,"column":47}},{"start":{"line":6,"column":44},"end":{"line":6,"column":47}}]},"1":{"loc":{"start":{"line":6,"column":34},"end":{"line":6,"column":44}},"type":"binary-expr","locations":[{"start":{"line":6,"column":34},"end":{"line":6,"column":47}},{"start":{"line":6,"column":34},"end":{"line":6,"column":44}}]}},"s":{"0":0,"1":0,"2":0,"3":0,"4":0,"5":0,"6":0,"7":0},"f":{"0":0,"1":0},"b":{"0":[0,0],"1":[0,0]}}
,"/home/kaue/Área de trabalho/Pós/Fase 1 /TechChallange/backend/src/auth/jwt-auth.guard.ts": {"path":"/home/kaue/Área de trabalho/Pós/Fase 1 /TechChallange/backend/src/auth/jwt-auth.guard.ts","statementMap":{"0":{"start":{"line":1,"column":0},"end":{"line":1,"column":44}},"1":{"start":{"line":2,"column":0},"end":{"line":2,"column":45}},"2":{"start":{"line":5,"column":7},"end":{"line":5,"column":null}},"3":{"start":{"line":5,"column":13},"end":{"line":5,"column":25}},"4":{"start":{"line":5,"column":13},"end":{"line":5,"column":null}}},"fnMap":{},"branchMap":{},"s":{"0":0,"1":0,"2":0,"3":0,"4":0},"f":{},"b":{}}
,"/home/kaue/Área de trabalho/Pós/Fase 1 /TechChallange/backend/src/auth/jwt.strategy.ts": {"path":"/home/kaue/Área de trabalho/Pós/Fase 1 /TechChallange/backend/src/auth/jwt.strategy.ts","statementMap":{"0":{"start":{"line":1,"column":0},"end":{"line":1,"column":67}},"1":{"start":{"line":2,"column":0},"end":{"line":2,"column":52}},"2":{"start":{"line":3,"column":0},"end":{"line":3,"column":52}},"3":{"start":{"line":6,"column":7},"end":{"line":23,"column":null}},"4":{"start":{"line":8,"column":4},"end":{"line":12,"column":7}},"5":{"start":{"line":18,"column":4},"end":{"line":20,"column":5}},"6":{"start":{"line":19,"column":6},"end":{"line":19,"column":40}},"7":{"start":{"line":21,"column":4},"end":{"line":21,"column":55}},"8":{"start":{"line":6,"column":13},"end":{"line":6,"column":24}},"9":{"start":{"line":6,"column":13},"end":{"line":23,"column":null}}},"fnMap":{"0":{"name":"(anonymous_2)","decl":{"start":{"line":7,"column":2},"end":{"line":7,"column":null}},"loc":{"start":{"line":7,"column":2},"end":{"line":13,"column":3}}},"1":{"name":"(anonymous_3)","decl":{"start":{"line":15,"column":2},"end":{"line":15,"column":7}},"loc":{"start":{"line":15,"column":29},"end":{"line":22,"column":3}}}},"branchMap":{"0":{"loc":{"start":{"line":11,"column":19},"end":{"line":11,"column":68}},"type":"binary-expr","locations":[{"start":{"line":11,"column":19},"end":{"line":11,"column":41}},{"start":{"line":11,"column":45},"end":{"line":11,"column":68}}]},"1":{"loc":{"start":{"line":18,"column":4},"end":{"line":20,"column":5}},"type":"if","locations":[{"start":{"line":18,"column":4},"end":{"line":20,"column":5}},{"start":{},"end":{}}]}},"s":{"0":0,"1":0,"2":0,"3":0,"4":0,"5":0,"6":0,"7":0,"8":0,"9":0},"f":{"0":0,"1":0},"b":{"0":[0,0],"1":[0,0]}}
,"/home/kaue/Área de trabalho/Pós/Fase 1 /TechChallange/backend/src/clients/clients.controller.ts": {"path":"/home/kaue/Área de trabalho/Pós/Fase 1 /TechChallange/backend/src/clients/clients.controller.ts","statementMap":{"0":{"start":{"line":1,"column":0},"end":{"line":1,"column":94}},"1":{"start":{"line":2,"column":0},"end":{"line":2,"column":51}},"2":{"start":{"line":3,"column":0},"end":{"line":3,"column":58}},"3":{"start":{"line":4,"column":0},"end":{"line":4,"column":58}},"4":{"start":{"line":5,"column":0},"end":{"line":5,"column":54}},"5":{"start":{"line":6,"column":0},"end":{"line":6,"column":57}},"6":{"start":{"line":12,"column":7},"end":{"line":39,"column":null}},"7":{"start":{"line":13,"column":31},"end":{"line":13,"column":47}},"8":{"start":{"line":17,"column":4},"end":{"line":17,"column":55}},"9":{"start":{"line":22,"column":4},"end":{"line":22,"column":41}},"10":{"start":{"line":27,"column":4},"end":{"line":27,"column":43}},"11":{"start":{"line":32,"column":4},"end":{"line":32,"column":59}},"12":{"start":{"line":37,"column":4},"end":{"line":37,"column":42}},"13":{"start":{"line":12,"column":13},"end":{"line":12,"column":30}},"14":{"start":{"line":16,"column":2},"end":{"line":18,"column":null}},"15":{"start":{"line":21,"column":2},"end":{"line":23,"column":null}},"16":{"start":{"line":26,"column":2},"end":{"line":28,"column":null}},"17":{"start":{"line":31,"column":2},"end":{"line":33,"column":null}},"18":{"start":{"line":36,"column":2},"end":{"line":38,"column":null}},"19":{"start":{"line":12,"column":13},"end":{"line":39,"column":null}}},"fnMap":{"0":{"name":"(anonymous_4)","decl":{"start":{"line":13,"column":2},"end":{"line":13,"column":31}},"loc":{"start":{"line":13,"column":61},"end":{"line":13,"column":65}}},"1":{"name":"(anonymous_5)","decl":{"start":{"line":16,"column":2},"end":{"line":16,"column":8}},"loc":{"start":{"line":16,"column":49},"end":{"line":18,"column":3}}},"2":{"name":"(anonymous_6)","decl":{"start":{"line":21,"column":2},"end":{"line":21,"column":9}},"loc":{"start":{"line":21,"column":9},"end":{"line":23,"column":3}}},"3":{"name":"(anonymous_7)","decl":{"start":{"line":26,"column":2},"end":{"line":26,"column":9}},"loc":{"start":{"line":26,"column":33},"end":{"line":28,"column":3}}},"4":{"name":"(anonymous_8)","decl":{"start":{"line":31,"column":2},"end":{"line":31,"column":8}},"loc":{"start":{"line":31,"column":74},"end":{"line":33,"column":3}}},"5":{"name":"(anonymous_9)","decl":{"start":{"line":36,"column":2},"end":{"line":36,"column":8}},"loc":{"start":{"line":36,"column":32},"end":{"line":38,"column":3}}}},"branchMap":{"0":{"loc":{"start":{"line":16,"column":34},"end":{"line":16,"column":null}},"type":"cond-expr","locations":[{"start":{"line":16,"column":49},"end":{"line":16,"column":null}},{"start":{"line":16,"column":49},"end":{"line":16,"column":null}}]},"1":{"loc":{"start":{"line":16,"column":34},"end":{"line":16,"column":49}},"type":"binary-expr","locations":[{"start":{"line":16,"column":34},"end":{"line":16,"column":null}},{"start":{"line":16,"column":34},"end":{"line":16,"column":49}}]},"2":{"loc":{"start":{"line":31,"column":59},"end":{"line":31,"column":null}},"type":"cond-expr","locations":[{"start":{"line":31,"column":74},"end":{"line":31,"column":null}},{"start":{"line":31,"column":74},"end":{"line":31,"column":null}}]},"3":{"loc":{"start":{"line":31,"column":59},"end":{"line":31,"column":74}},"type":"binary-expr","locations":[{"start":{"line":31,"column":59},"end":{"line":31,"column":null}},{"start":{"line":31,"column":59},"end":{"line":31,"column":74}}]},"4":{"loc":{"start":{"line":13,"column":47},"end":{"line":13,"column":64}},"type":"cond-expr","locations":[{"start":{"line":13,"column":61},"end":{"line":13,"column":64}},{"start":{"line":13,"column":61},"end":{"line":13,"column":64}}]},"5":{"loc":{"start":{"line":13,"column":47},"end":{"line":13,"column":61}},"type":"binary-expr","locations":[{"start":{"line":13,"column":47},"end":{"line":13,"column":64}},{"start":{"line":13,"column":47},"end":{"line":13,"column":61}}]}},"s":{"0":0,"1":0,"2":0,"3":0,"4":0,"5":0,"6":0,"7":0,"8":0,"9":0,"10":0,"11":0,"12":0,"13":0,"14":0,"15":0,"16":0,"17":0,"18":0,"19":0},"f":{"0":0,"1":0,"2":0,"3":0,"4":0,"5":0},"b":{"0":[0,0],"1":[0,0],"2":[0,0],"3":[0,0],"4":[0,0],"5":[0,0]}}
,"/home/kaue/Área de trabalho/Pós/Fase 1 /TechChallange/backend/src/clients/clients.module.ts": {"path":"/home/kaue/Área de trabalho/Pós/Fase 1 /TechChallange/backend/src/clients/clients.module.ts","statementMap":{"0":{"start":{"line":1,"column":0},"end":{"line":1,"column":40}},"1":{"start":{"line":2,"column":0},"end":{"line":2,"column":51}},"2":{"start":{"line":3,"column":0},"end":{"line":3,"column":57}},"3":{"start":{"line":9,"column":7},"end":{"line":9,"column":null}},"4":{"start":{"line":9,"column":13},"end":{"line":9,"column":26}},"5":{"start":{"line":9,"column":13},"end":{"line":9,"column":null}}},"fnMap":{},"branchMap":{},"s":{"0":0,"1":0,"2":0,"3":0,"4":0,"5":0},"f":{},"b":{}}
,"/home/kaue/Área de trabalho/Pós/Fase 1 /TechChallange/backend/src/clients/clients.service.ts": {"path":"/home/kaue/Área de trabalho/Pós/Fase 1 /TechChallange/backend/src/clients/clients.service.ts","statementMap":{"0":{"start":{"line":1,"column":0},"end":{"line":1,"column":103}},"1":{"start":{"line":4,"column":0},"end":{"line":4,"column":57}},"2":{"start":{"line":7,"column":7},"end":{"line":53,"column":null}},"3":{"start":{"line":8,"column":31},"end":{"line":8,"column":39}},"4":{"start":{"line":11,"column":19},"end":{"line":13,"column":6}},"5":{"start":{"line":15,"column":4},"end":{"line":17,"column":5}},"6":{"start":{"line":16,"column":6},"end":{"line":16,"column":87}},"7":{"start":{"line":19,"column":4},"end":{"line":21,"column":7}},"8":{"start":{"line":25,"column":4},"end":{"line":25,"column":41}},"9":{"start":{"line":29,"column":19},"end":{"line":31,"column":6}},"10":{"start":{"line":32,"column":4},"end":{"line":32,"column":71}},"11":{"start":{"line":32,"column":17},"end":{"line":32,"column":71}},"12":{"start":{"line":33,"column":4},"end":{"line":33,"column":18}},"13":{"start":{"line":37,"column":19},"end":{"line":37,"column":41}},"14":{"start":{"line":38,"column":4},"end":{"line":40,"column":5}},"15":{"start":{"line":39,"column":6},"end":{"line":39,"column":103}},"16":{"start":{"line":41,"column":4},"end":{"line":44,"column":7}},"17":{"start":{"line":48,"column":4},"end":{"line":48,"column":27}},"18":{"start":{"line":49,"column":4},"end":{"line":51,"column":7}},"19":{"start":{"line":7,"column":13},"end":{"line":7,"column":27}},"20":{"start":{"line":7,"column":13},"end":{"line":53,"column":null}}},"fnMap":{"0":{"name":"(anonymous_2)","decl":{"start":{"line":8,"column":2},"end":{"line":8,"column":31}},"loc":{"start":{"line":8,"column":52},"end":{"line":8,"column":56}}},"1":{"name":"(anonymous_3)","decl":{"start":{"line":10,"column":2},"end":{"line":10,"column":7}},"loc":{"start":{"line":10,"column":47},"end":{"line":22,"column":3}}},"2":{"name":"(anonymous_4)","decl":{"start":{"line":24,"column":2},"end":{"line":24,"column":9}},"loc":{"start":{"line":24,"column":9},"end":{"line":26,"column":3}}},"3":{"name":"(anonymous_5)","decl":{"start":{"line":28,"column":2},"end":{"line":28,"column":7}},"loc":{"start":{"line":28,"column":26},"end":{"line":34,"column":3}}},"4":{"name":"(anonymous_6)","decl":{"start":{"line":36,"column":2},"end":{"line":36,"column":7}},"loc":{"start":{"line":36,"column":59},"end":{"line":45,"column":3}}},"5":{"name":"(anonymous_7)","decl":{"start":{"line":47,"column":2},"end":{"line":47,"column":7}},"loc":{"start":{"line":47,"column":25},"end":{"line":52,"column":3}}}},"branchMap":{"0":{"loc":{"start":{"line":15,"column":4},"end":{"line":17,"column":5}},"type":"if","locations":[{"start":{"line":15,"column":4},"end":{"line":17,"column":5}},{"start":{},"end":{}}]},"1":{"loc":{"start":{"line":32,"column":4},"end":{"line":32,"column":71}},"type":"if","locations":[{"start":{"line":32,"column":4},"end":{"line":32,"column":71}},{"start":{},"end":{}}]},"2":{"loc":{"start":{"line":38,"column":4},"end":{"line":40,"column":5}},"type":"if","locations":[{"start":{"line":38,"column":4},"end":{"line":40,"column":5}},{"start":{},"end":{}}]},"3":{"loc":{"start":{"line":38,"column":8},"end":{"line":38,"column":77}},"type":"binary-expr","locations":[{"start":{"line":38,"column":8},"end":{"line":38,"column":31}},{"start":{"line":38,"column":35},"end":{"line":38,"column":77}}]},"4":{"loc":{"start":{"line":8,"column":39},"end":{"line":8,"column":55}},"type":"cond-expr","locations":[{"start":{"line":8,"column":52},"end":{"line":8,"column":55}},{"start":{"line":8,"column":52},"end":{"line":8,"column":55}}]},"5":{"loc":{"start":{"line":8,"column":39},"end":{"line":8,"column":52}},"type":"binary-expr","locations":[{"start":{"line":8,"column":39},"end":{"line":8,"column":55}},{"start":{"line":8,"column":39},"end":{"line":8,"column":52}}]}},"s":{"0":1,"1":1,"2":1,"3":9,"4":2,"5":2,"6":1,"7":1,"8":1,"9":5,"10":5,"11":1,"12":4,"13":2,"14":2,"15":1,"16":1,"17":1,"18":1,"19":1,"20":1},"f":{"0":9,"1":2,"2":1,"3":5,"4":2,"5":1},"b":{"0":[1,1],"1":[1,4],"2":[1,1],"3":[2,1],"4":[1,0],"5":[1,1]}}
,"/home/kaue/Área de trabalho/Pós/Fase 1 /TechChallange/backend/src/clients/dto/create-client.dto.ts": {"path":"/home/kaue/Área de trabalho/Pós/Fase 1 /TechChallange/backend/src/clients/dto/create-client.dto.ts","statementMap":{"0":{"start":{"line":1,"column":0},"end":{"line":1,"column":76}},"1":{"start":{"line":2,"column":0},"end":{"line":2,"column":73}},"2":{"start":{"line":4,"column":0},"end":{"line":4,"column":13}},"3":{"start":{"line":8,"column":2},"end":{"line":8,"column":null}},"4":{"start":{"line":12,"column":2},"end":{"line":12,"column":null}},"5":{"start":{"line":16,"column":2},"end":{"line":16,"column":null}},"6":{"start":{"line":20,"column":2},"end":{"line":20,"column":null}}},"fnMap":{},"branchMap":{},"s":{"0":0,"1":0,"2":0,"3":0,"4":0,"5":0,"6":0},"f":{},"b":{}}
,"/home/kaue/Área de trabalho/Pós/Fase 1 /TechChallange/backend/src/clients/dto/update-client.dto.ts": {"path":"/home/kaue/Área de trabalho/Pós/Fase 1 /TechChallange/backend/src/clients/dto/update-client.dto.ts","statementMap":{"0":{"start":{"line":1,"column":0},"end":{"line":1,"column":51}},"1":{"start":{"line":2,"column":0},"end":{"line":2,"column":54}},"2":{"start":{"line":4,"column":0},"end":{"line":4,"column":13}}},"fnMap":{},"branchMap":{},"s":{"0":0,"1":0,"2":0},"f":{},"b":{}}
,"/home/kaue/Área de trabalho/Pós/Fase 1 /TechChallange/backend/src/clients/entities/client.entity.ts": {"path":"/home/kaue/Área de trabalho/Pós/Fase 1 /TechChallange/backend/src/clients/entities/client.entity.ts","statementMap":{"0":{"start":{"line":1,"column":0},"end":{"line":1,"column":13}}},"fnMap":{},"branchMap":{},"s":{"0":0},"f":{},"b":{}}
,"/home/kaue/Área de trabalho/Pós/Fase 1 /TechChallange/backend/src/common/validators/cpf-cnpj.validator.ts": {"path":"/home/kaue/Área de trabalho/Pós/Fase 1 /TechChallange/backend/src/common/validators/cpf-cnpj.validator.ts","statementMap":{"0":{"start":{"line":82,"column":0},"end":{"line":82,"column":16}},"1":{"start":{"line":1,"column":0},"end":{"line":1,"column":143}},"2":{"start":{"line":4,"column":16},"end":{"line":4,"column":38}},"3":{"start":{"line":5,"column":2},"end":{"line":5,"column":40}},"4":{"start":{"line":5,"column":27},"end":{"line":5,"column":40}},"5":{"start":{"line":6,"column":2},"end":{"line":6,"column":47}},"6":{"start":{"line":6,"column":34},"end":{"line":6,"column":47}},"7":{"start":{"line":8,"column":12},"end":{"line":8,"column":13}},"8":{"start":{"line":11,"column":2},"end":{"line":13,"column":3}},"9":{"start":{"line":11,"column":15},"end":{"line":11,"column":16}},"10":{"start":{"line":12,"column":4},"end":{"line":12,"column":58}},"11":{"start":{"line":14,"column":2},"end":{"line":14,"column":30}},"12":{"start":{"line":15,"column":2},"end":{"line":15,"column":58}},"13":{"start":{"line":15,"column":44},"end":{"line":15,"column":58}},"14":{"start":{"line":16,"column":2},"end":{"line":16,"column":67}},"15":{"start":{"line":16,"column":54},"end":{"line":16,"column":67}},"16":{"start":{"line":18,"column":2},"end":{"line":18,"column":10}},"17":{"start":{"line":19,"column":2},"end":{"line":21,"column":3}},"18":{"start":{"line":19,"column":15},"end":{"line":19,"column":16}},"19":{"start":{"line":20,"column":4},"end":{"line":20,"column":58}},"20":{"start":{"line":22,"column":2},"end":{"line":22,"column":30}},"21":{"start":{"line":23,"column":2},"end":{"line":23,"column":58}},"22":{"start":{"line":23,"column":44},"end":{"line":23,"column":58}},"23":{"start":{"line":24,"column":2},"end":{"line":24,"column":68}},"24":{"start":{"line":24,"column":55},"end":{"line":24,"column":68}},"25":{"start":{"line":26,"column":2},"end":{"line":26,"column":14}},"26":{"start":{"line":30,"column":16},"end":{"line":30,"column":39}},"27":{"start":{"line":31,"column":2},"end":{"line":31,"column":40}},"28":{"start":{"line":31,"column":27},"end":{"line":31,"column":40}},"29":{"start":{"line":32,"column":2},"end":{"line":32,"column":47}},"30":{"start":{"line":32,"column":34},"end":{"line":32,"column":47}},"31":{"start":{"line":34,"column":15},"end":{"line":34,"column":31}},"32":{"start":{"line":35,"column":16},"end":{"line":35,"column":42}},"33":{"start":{"line":36,"column":17},"end":{"line":36,"column":40}},"34":{"start":{"line":37,"column":12},"end":{"line":37,"column":13}},"35":{"start":{"line":38,"column":12},"end":{"line":38,"column":22}},"36":{"start":{"line":40,"column":2},"end":{"line":43,"column":3}},"37":{"start":{"line":40,"column":15},"end":{"line":40,"column":21}},"38":{"start":{"line":41,"column":4},"end":{"line":41,"column":56}},"39":{"start":{"line":42,"column":4},"end":{"line":42,"column":25}},"40":{"start":{"line":42,"column":17},"end":{"line":42,"column":25}},"41":{"start":{"line":45,"column":15},"end":{"line":45,"column":49}},"42":{"start":{"line":46,"column":2},"end":{"line":46,"column":58}},"43":{"start":{"line":46,"column":45},"end":{"line":46,"column":58}},"44":{"start":{"line":48,"column":2},"end":{"line":48,"column":22}},"45":{"start":{"line":49,"column":2},"end":{"line":49,"column":39}},"46":{"start":{"line":50,"column":2},"end":{"line":50,"column":10}},"47":{"start":{"line":51,"column":2},"end":{"line":51,"column":19}},"48":{"start":{"line":53,"column":2},"end":{"line":56,"column":3}},"49":{"start":{"line":53,"column":15},"end":{"line":53,"column":21}},"50":{"start":{"line":54,"column":4},"end":{"line":54,"column":56}},"51":{"start":{"line":55,"column":4},"end":{"line":55,"column":25}},"52":{"start":{"line":55,"column":17},"end":{"line":55,"column":25}},"53":{"start":{"line":58,"column":2},"end":{"line":58,"column":46}},"54":{"start":{"line":59,"column":2},"end":{"line":59,"column":58}},"55":{"start":{"line":59,"column":45},"end":{"line":59,"column":58}},"56":{"start":{"line":61,"column":2},"end":{"line":61,"column":14}},"57":{"start":{"line":65,"column":7},"end":{"line":80,"column":null}},"58":{"start":{"line":67,"column":4},"end":{"line":67,"column":48}},"59":{"start":{"line":67,"column":35},"end":{"line":67,"column":48}},"60":{"start":{"line":68,"column":23},"end":{"line":68,"column":47}},"61":{"start":{"line":69,"column":4},"end":{"line":73,"column":5}},"62":{"start":{"line":70,"column":6},"end":{"line":70,"column":36}},"63":{"start":{"line":71,"column":11},"end":{"line":73,"column":5}},"64":{"start":{"line":72,"column":6},"end":{"line":72,"column":37}},"65":{"start":{"line":74,"column":4},"end":{"line":74,"column":17}},"66":{"start":{"line":78,"column":4},"end":{"line":78,"column":96}},"67":{"start":{"line":65,"column":13},"end":{"line":65,"column":37}},"68":{"start":{"line":65,"column":13},"end":{"line":80,"column":null}},"69":{"start":{"line":83,"column":2},"end":{"line":91,"column":4}},"70":{"start":{"line":84,"column":4},"end":{"line":90,"column":7}}},"fnMap":{"0":{"name":"isValidCpf","decl":{"start":{"line":3,"column":9},"end":{"line":3,"column":19}},"loc":{"start":{"line":3,"column":31},"end":{"line":27,"column":1}}},"1":{"name":"isValidCnpj","decl":{"start":{"line":29,"column":9},"end":{"line":29,"column":20}},"loc":{"start":{"line":29,"column":33},"end":{"line":62,"column":1}}},"2":{"name":"(anonymous_3)","decl":{"start":{"line":66,"column":2},"end":{"line":66,"column":10}},"loc":{"start":{"line":66,"column":48},"end":{"line":75,"column":3}}},"3":{"name":"(anonymous_4)","decl":{"start":{"line":77,"column":2},"end":{"line":77,"column":16}},"loc":{"start":{"line":77,"column":42},"end":{"line":79,"column":3}}},"4":{"name":"IsCpfOrCnpj","decl":{"start":{"line":82,"column":16},"end":{"line":82,"column":27}},"loc":{"start":{"line":82,"column":65},"end":{"line":92,"column":1}}},"5":{"name":"(anonymous_6)","decl":{"start":{"line":83,"column":9},"end":{"line":83,"column":19}},"loc":{"start":{"line":83,"column":55},"end":{"line":91,"column":3}}}},"branchMap":{"0":{"loc":{"start":{"line":5,"column":2},"end":{"line":5,"column":40}},"type":"if","locations":[{"start":{"line":5,"column":2},"end":{"line":5,"column":40}},{"start":{},"end":{}}]},"1":{"loc":{"start":{"line":6,"column":2},"end":{"line":6,"column":47}},"type":"if","locations":[{"start":{"line":6,"column":2},"end":{"line":6,"column":47}},{"start":{},"end":{}}]},"2":{"loc":{"start":{"line":15,"column":2},"end":{"line":15,"column":58}},"type":"if","locations":[{"start":{"line":15,"column":2},"end":{"line":15,"column":58}},{"start":{},"end":{}}]},"3":{"loc":{"start":{"line":15,"column":6},"end":{"line":15,"column":42}},"type":"binary-expr","locations":[{"start":{"line":15,"column":6},"end":{"line":15,"column":22}},{"start":{"line":15,"column":26},"end":{"line":15,"column":42}}]},"4":{"loc":{"start":{"line":16,"column":2},"end":{"line":16,"column":67}},"type":"if","locations":[{"start":{"line":16,"column":2},"end":{"line":16,"column":67}},{"start":{},"end":{}}]},"5":{"loc":{"start":{"line":23,"column":2},"end":{"line":23,"column":58}},"type":"if","locations":[{"start":{"line":23,"column":2},"end":{"line":23,"column":58}},{"start":{},"end":{}}]},"6":{"loc":{"start":{"line":23,"column":6},"end":{"line":23,"column":42}},"type":"binary-expr","locations":[{"start":{"line":23,"column":6},"end":{"line":23,"column":22}},{"start":{"line":23,"column":26},"end":{"line":23,"column":42}}]},"7":{"loc":{"start":{"line":24,"column":2},"end":{"line":24,"column":68}},"type":"if","locations":[{"start":{"line":24,"column":2},"end":{"line":24,"column":68}},{"start":{},"end":{}}]},"8":{"loc":{"start":{"line":31,"column":2},"end":{"line":31,"column":40}},"type":"if","locations":[{"start":{"line":31,"column":2},"end":{"line":31,"column":40}},{"start":{},"end":{}}]},"9":{"loc":{"start":{"line":32,"column":2},"end":{"line":32,"column":47}},"type":"if","locations":[{"start":{"line":32,"column":2},"end":{"line":32,"column":47}},{"start":{},"end":{}}]},"10":{"loc":{"start":{"line":42,"column":4},"end":{"line":42,"column":25}},"type":"if","locations":[{"start":{"line":42,"column":4},"end":{"line":42,"column":25}},{"start":{},"end":{}}]},"11":{"loc":{"start":{"line":45,"column":15},"end":{"line":45,"column":49}},"type":"cond-expr","locations":[{"start":{"line":45,"column":30},"end":{"line":45,"column":31}},{"start":{"line":45,"column":34},"end":{"line":45,"column":49}}]},"12":{"loc":{"start":{"line":46,"column":2},"end":{"line":46,"column":58}},"type":"if","locations":[{"start":{"line":46,"column":2},"end":{"line":46,"column":58}},{"start":{},"end":{}}]},"13":{"loc":{"start":{"line":55,"column":4},"end":{"line":55,"column":25}},"type":"if","locations":[{"start":{"line":55,"column":4},"end":{"line":55,"column":25}},{"start":{},"end":{}}]},"14":{"loc":{"start":{"line":58,"column":11},"end":{"line":58,"column":45}},"type":"cond-expr","locations":[{"start":{"line":58,"column":26},"end":{"line":58,"column":27}},{"start":{"line":58,"column":30},"end":{"line":58,"column":45}}]},"15":{"loc":{"start":{"line":59,"column":2},"end":{"line":59,"column":58}},"type":"if","locations":[{"start":{"line":59,"column":2},"end":{"line":59,"column":58}},{"start":{},"end":{}}]},"16":{"loc":{"start":{"line":67,"column":4},"end":{"line":67,"column":48}},"type":"if","locations":[{"start":{"line":67,"column":4},"end":{"line":67,"column":48}},{"start":{},"end":{}}]},"17":{"loc":{"start":{"line":69,"column":4},"end":{"line":73,"column":5}},"type":"if","locations":[{"start":{"line":69,"column":4},"end":{"line":73,"column":5}},{"start":{"line":71,"column":11},"end":{"line":73,"column":5}}]},"18":{"loc":{"start":{"line":71,"column":11},"end":{"line":73,"column":5}},"type":"if","locations":[{"start":{"line":71,"column":11},"end":{"line":73,"column":5}},{"start":{},"end":{}}]}},"s":{"0":1,"1":1,"2":4,"3":4,"4":0,"5":4,"6":1,"7":3,"8":3,"9":3,"10":27,"11":3,"12":3,"13":1,"14":3,"15":1,"16":2,"17":2,"18":2,"19":20,"20":2,"21":2,"22":0,"23":2,"24":0,"25":2,"26":4,"27":4,"28":0,"29":4,"30":1,"31":3,"32":3,"33":3,"34":3,"35":3,"36":3,"37":3,"38":36,"39":36,"40":6,"41":3,"42":3,"43":1,"44":2,"45":2,"46":2,"47":2,"48":2,"49":2,"50":26,"51":26,"52":4,"53":2,"54":2,"55":0,"56":2,"57":1,"58":10,"59":0,"60":10,"61":10,"62":4,"63":6,"64":4,"65":2,"66":0,"67":1,"68":1,"69":0,"70":0},"f":{"0":4,"1":4,"2":10,"3":0,"4":0,"5":0},"b":{"0":[0,4],"1":[1,3],"2":[1,2],"3":[3,2],"4":[1,2],"5":[0,2],"6":[2,2],"7":[0,2],"8":[0,4],"9":[1,3],"10":[6,30],"11":[0,3],"12":[1,2],"13":[4,22],"14":[0,2],"15":[0,2],"16":[0,10],"17":[4,6],"18":[4,2]}}
,"/home/kaue/Área de trabalho/Pós/Fase 1 /TechChallange/backend/src/common/validators/plate.validator.ts": {"path":"/home/kaue/Área de trabalho/Pós/Fase 1 /TechChallange/backend/src/common/validators/plate.validator.ts","statementMap":{"0":{"start":{"line":22,"column":0},"end":{"line":22,"column":16}},"1":{"start":{"line":1,"column":0},"end":{"line":1,"column":143}},"2":{"start":{"line":4,"column":7},"end":{"line":20,"column":null}},"3":{"start":{"line":6,"column":4},"end":{"line":6,"column":48}},"4":{"start":{"line":6,"column":35},"end":{"line":6,"column":48}},"5":{"start":{"line":7,"column":23},"end":{"line":7,"column":49}},"6":{"start":{"line":10,"column":29},"end":{"line":10,"column":51}},"7":{"start":{"line":12,"column":26},"end":{"line":12,"column":56}},"8":{"start":{"line":14,"column":4},"end":{"line":14,"column":79}},"9":{"start":{"line":18,"column":4},"end":{"line":18,"column":116}},"10":{"start":{"line":4,"column":13},"end":{"line":4,"column":35}},"11":{"start":{"line":4,"column":13},"end":{"line":20,"column":null}},"12":{"start":{"line":23,"column":2},"end":{"line":31,"column":4}},"13":{"start":{"line":24,"column":4},"end":{"line":30,"column":7}}},"fnMap":{"0":{"name":"(anonymous_1)","decl":{"start":{"line":5,"column":2},"end":{"line":5,"column":10}},"loc":{"start":{"line":5,"column":48},"end":{"line":15,"column":3}}},"1":{"name":"(anonymous_2)","decl":{"start":{"line":17,"column":2},"end":{"line":17,"column":16}},"loc":{"start":{"line":17,"column":42},"end":{"line":19,"column":3}}},"2":{"name":"IsValidPlate","decl":{"start":{"line":22,"column":16},"end":{"line":22,"column":28}},"loc":{"start":{"line":22,"column":66},"end":{"line":32,"column":1}}},"3":{"name":"(anonymous_4)","decl":{"start":{"line":23,"column":9},"end":{"line":23,"column":19}},"loc":{"start":{"line":23,"column":55},"end":{"line":31,"column":3}}}},"branchMap":{"0":{"loc":{"start":{"line":6,"column":4},"end":{"line":6,"column":48}},"type":"if","locations":[{"start":{"line":6,"column":4},"end":{"line":6,"column":48}},{"start":{},"end":{}}]},"1":{"loc":{"start":{"line":14,"column":11},"end":{"line":14,"column":78}},"type":"binary-expr","locations":[{"start":{"line":14,"column":11},"end":{"line":14,"column":44}},{"start":{"line":14,"column":48},"end":{"line":14,"column":78}}]}},"s":{"0":1,"1":1,"2":1,"3":8,"4":0,"5":8,"6":8,"7":8,"8":8,"9":0,"10":1,"11":1,"12":0,"13":0},"f":{"0":8,"1":0,"2":0,"3":0},"b":{"0":[0,8],"1":[8,5]}}
,"/home/kaue/Área de trabalho/Pós/Fase 1 /TechChallange/backend/src/parts/parts.controller.ts": {"path":"/home/kaue/Área de trabalho/Pós/Fase 1 /TechChallange/backend/src/parts/parts.controller.ts","statementMap":{"0":{"start":{"line":1,"column":0},"end":{"line":1,"column":94}},"1":{"start":{"line":2,"column":0},"end":{"line":2,"column":47}},"2":{"start":{"line":3,"column":0},"end":{"line":3,"column":54}},"3":{"start":{"line":4,"column":0},"end":{"line":4,"column":54}},"4":{"start":{"line":5,"column":0},"end":{"line":5,"column":54}},"5":{"start":{"line":6,"column":0},"end":{"line":6,"column":57}},"6":{"start":{"line":12,"column":7},"end":{"line":39,"column":null}},"7":{"start":{"line":13,"column":31},"end":{"line":13,"column":45}},"8":{"start":{"line":17,"column":4},"end":{"line":17,"column":51}},"9":{"start":{"line":22,"column":4},"end":{"line":22,"column":39}},"10":{"start":{"line":27,"column":4},"end":{"line":27,"column":41}},"11":{"start":{"line":32,"column":4},"end":{"line":32,"column":55}},"12":{"start":{"line":37,"column":4},"end":{"line":37,"column":40}},"13":{"start":{"line":12,"column":13},"end":{"line":12,"column":28}},"14":{"start":{"line":16,"column":2},"end":{"line":18,"column":null}},"15":{"start":{"line":21,"column":2},"end":{"line":23,"column":null}},"16":{"start":{"line":26,"column":2},"end":{"line":28,"column":null}},"17":{"start":{"line":31,"column":2},"end":{"line":33,"column":null}},"18":{"start":{"line":36,"column":2},"end":{"line":38,"column":null}},"19":{"start":{"line":12,"column":13},"end":{"line":39,"column":null}}},"fnMap":{"0":{"name":"(anonymous_4)","decl":{"start":{"line":13,"column":2},"end":{"line":13,"column":31}},"loc":{"start":{"line":13,"column":57},"end":{"line":13,"column":61}}},"1":{"name":"(anonymous_5)","decl":{"start":{"line":16,"column":2},"end":{"line":16,"column":8}},"loc":{"start":{"line":16,"column":45},"end":{"line":18,"column":3}}},"2":{"name":"(anonymous_6)","decl":{"start":{"line":21,"column":2},"end":{"line":21,"column":9}},"loc":{"start":{"line":21,"column":9},"end":{"line":23,"column":3}}},"3":{"name":"(anonymous_7)","decl":{"start":{"line":26,"column":2},"end":{"line":26,"column":9}},"loc":{"start":{"line":26,"column":33},"end":{"line":28,"column":3}}},"4":{"name":"(anonymous_8)","decl":{"start":{"line":31,"column":2},"end":{"line":31,"column":8}},"loc":{"start":{"line":31,"column":70},"end":{"line":33,"column":3}}},"5":{"name":"(anonymous_9)","decl":{"start":{"line":36,"column":2},"end":{"line":36,"column":8}},"loc":{"start":{"line":36,"column":32},"end":{"line":38,"column":3}}}},"branchMap":{"0":{"loc":{"start":{"line":16,"column":32},"end":{"line":16,"column":null}},"type":"cond-expr","locations":[{"start":{"line":16,"column":45},"end":{"line":16,"column":null}},{"start":{"line":16,"column":45},"end":{"line":16,"column":null}}]},"1":{"loc":{"start":{"line":16,"column":32},"end":{"line":16,"column":45}},"type":"binary-expr","locations":[{"start":{"line":16,"column":32},"end":{"line":16,"column":null}},{"start":{"line":16,"column":32},"end":{"line":16,"column":45}}]},"2":{"loc":{"start":{"line":31,"column":57},"end":{"line":31,"column":null}},"type":"cond-expr","locations":[{"start":{"line":31,"column":70},"end":{"line":31,"column":null}},{"start":{"line":31,"column":70},"end":{"line":31,"column":null}}]},"3":{"loc":{"start":{"line":31,"column":57},"end":{"line":31,"column":70}},"type":"binary-expr","locations":[{"start":{"line":31,"column":57},"end":{"line":31,"column":null}},{"start":{"line":31,"column":57},"end":{"line":31,"column":70}}]},"4":{"loc":{"start":{"line":13,"column":45},"end":{"line":13,"column":60}},"type":"cond-expr","locations":[{"start":{"line":13,"column":57},"end":{"line":13,"column":60}},{"start":{"line":13,"column":57},"end":{"line":13,"column":60}}]},"5":{"loc":{"start":{"line":13,"column":45},"end":{"line":13,"column":57}},"type":"binary-expr","locations":[{"start":{"line":13,"column":45},"end":{"line":13,"column":60}},{"start":{"line":13,"column":45},"end":{"line":13,"column":57}}]}},"s":{"0":0,"1":0,"2":0,"3":0,"4":0,"5":0,"6":0,"7":0,"8":0,"9":0,"10":0,"11":0,"12":0,"13":0,"14":0,"15":0,"16":0,"17":0,"18":0,"19":0},"f":{"0":0,"1":0,"2":0,"3":0,"4":0,"5":0},"b":{"0":[0,0],"1":[0,0],"2":[0,0],"3":[0,0],"4":[0,0],"5":[0,0]}}
,"/home/kaue/Área de trabalho/Pós/Fase 1 /TechChallange/backend/src/parts/parts.module.ts": {"path":"/home/kaue/Área de trabalho/Pós/Fase 1 /TechChallange/backend/src/parts/parts.module.ts","statementMap":{"0":{"start":{"line":1,"column":0},"end":{"line":1,"column":40}},"1":{"start":{"line":2,"column":0},"end":{"line":2,"column":47}},"2":{"start":{"line":3,"column":0},"end":{"line":3,"column":53}},"3":{"start":{"line":9,"column":7},"end":{"line":9,"column":null}},"4":{"start":{"line":9,"column":13},"end":{"line":9,"column":24}},"5":{"start":{"line":9,"column":13},"end":{"line":9,"column":null}}},"fnMap":{},"branchMap":{},"s":{"0":0,"1":0,"2":0,"3":0,"4":0,"5":0},"f":{},"b":{}}
,"/home/kaue/Área de trabalho/Pós/Fase 1 /TechChallange/backend/src/parts/parts.service.ts": {"path":"/home/kaue/Área de trabalho/Pós/Fase 1 /TechChallange/backend/src/parts/parts.service.ts","statementMap":{"0":{"start":{"line":1,"column":0},"end":{"line":1,"column":63}},"1":{"start":{"line":4,"column":0},"end":{"line":4,"column":57}},"2":{"start":{"line":7,"column":7},"end":{"line":48,"column":null}},"3":{"start":{"line":8,"column":22},"end":{"line":8,"column":30}},"4":{"start":{"line":11,"column":4},"end":{"line":13,"column":7}},"5":{"start":{"line":17,"column":4},"end":{"line":17,"column":39}},"6":{"start":{"line":21,"column":17},"end":{"line":23,"column":6}},"7":{"start":{"line":25,"column":4},"end":{"line":27,"column":5}},"8":{"start":{"line":26,"column":6},"end":{"line":26,"column":66}},"9":{"start":{"line":29,"column":4},"end":{"line":29,"column":16}},"10":{"start":{"line":33,"column":4},"end":{"line":33,"column":27}},"11":{"start":{"line":35,"column":4},"end":{"line":38,"column":7}},"12":{"start":{"line":42,"column":4},"end":{"line":42,"column":27}},"13":{"start":{"line":44,"column":4},"end":{"line":46,"column":7}},"14":{"start":{"line":7,"column":13},"end":{"line":7,"column":25}},"15":{"start":{"line":7,"column":13},"end":{"line":48,"column":null}}},"fnMap":{"0":{"name":"(anonymous_2)","decl":{"start":{"line":8,"column":2},"end":{"line":8,"column":22}},"loc":{"start":{"line":8,"column":43},"end":{"line":8,"column":47}}},"1":{"name":"(anonymous_3)","decl":{"start":{"line":10,"column":2},"end":{"line":10,"column":7}},"loc":{"start":{"line":10,"column":43},"end":{"line":14,"column":3}}},"2":{"name":"(anonymous_4)","decl":{"start":{"line":16,"column":2},"end":{"line":16,"column":7}},"loc":{"start":{"line":16,"column":15},"end":{"line":18,"column":3}}},"3":{"name":"(anonymous_5)","decl":{"start":{"line":20,"column":2},"end":{"line":20,"column":7}},"loc":{"start":{"line":20,"column":26},"end":{"line":30,"column":3}}},"4":{"name":"(anonymous_6)","decl":{"start":{"line":32,"column":2},"end":{"line":32,"column":7}},"loc":{"start":{"line":32,"column":55},"end":{"line":39,"column":3}}},"5":{"name":"(anonymous_7)","decl":{"start":{"line":41,"column":2},"end":{"line":41,"column":7}},"loc":{"start":{"line":41,"column":25},"end":{"line":47,"column":3}}}},"branchMap":{"0":{"loc":{"start":{"line":25,"column":4},"end":{"line":27,"column":5}},"type":"if","locations":[{"start":{"line":25,"column":4},"end":{"line":27,"column":5}},{"start":{},"end":{}}]},"1":{"loc":{"start":{"line":8,"column":30},"end":{"line":8,"column":46}},"type":"cond-expr","locations":[{"start":{"line":8,"column":43},"end":{"line":8,"column":46}},{"start":{"line":8,"column":43},"end":{"line":8,"column":46}}]},"2":{"loc":{"start":{"line":8,"column":30},"end":{"line":8,"column":43}},"type":"binary-expr","locations":[{"start":{"line":8,"column":30},"end":{"line":8,"column":46}},{"start":{"line":8,"column":30},"end":{"line":8,"column":43}}]}},"s":{"0":0,"1":0,"2":0,"3":0,"4":0,"5":0,"6":0,"7":0,"8":0,"9":0,"10":0,"11":0,"12":0,"13":0,"14":0,"15":0},"f":{"0":0,"1":0,"2":0,"3":0,"4":0,"5":0},"b":{"0":[0,0],"1":[0,0],"2":[0,0]}}
,"/home/kaue/Área de trabalho/Pós/Fase 1 /TechChallange/backend/src/parts/dto/create-part.dto.ts": {"path":"/home/kaue/Área de trabalho/Pós/Fase 1 /TechChallange/backend/src/parts/dto/create-part.dto.ts","statementMap":{"0":{"start":{"line":1,"column":0},"end":{"line":1,"column":82}},"1":{"start":{"line":3,"column":0},"end":{"line":3,"column":13}},"2":{"start":{"line":6,"column":2},"end":{"line":6,"column":null}},"3":{"start":{"line":10,"column":2},"end":{"line":10,"column":null}},"4":{"start":{"line":15,"column":2},"end":{"line":15,"column":null}},"5":{"start":{"line":20,"column":2},"end":{"line":20,"column":null}}},"fnMap":{},"branchMap":{},"s":{"0":0,"1":0,"2":0,"3":0,"4":0,"5":0},"f":{},"b":{}}
,"/home/kaue/Área de trabalho/Pós/Fase 1 /TechChallange/backend/src/parts/dto/update-part.dto.ts": {"path":"/home/kaue/Área de trabalho/Pós/Fase 1 /TechChallange/backend/src/parts/dto/update-part.dto.ts","statementMap":{"0":{"start":{"line":1,"column":0},"end":{"line":1,"column":51}},"1":{"start":{"line":2,"column":0},"end":{"line":2,"column":50}},"2":{"start":{"line":4,"column":0},"end":{"line":4,"column":13}}},"fnMap":{},"branchMap":{},"s":{"0":0,"1":0,"2":0},"f":{},"b":{}}
,"/home/kaue/Área de trabalho/Pós/Fase 1 /TechChallange/backend/src/parts/entities/part.entity.ts": {"path":"/home/kaue/Área de trabalho/Pós/Fase 1 /TechChallange/backend/src/parts/entities/part.entity.ts","statementMap":{"0":{"start":{"line":1,"column":0},"end":{"line":1,"column":13}}},"fnMap":{},"branchMap":{},"s":{"0":0},"f":{},"b":{}}
,"/home/kaue/Área de trabalho/Pós/Fase 1 /TechChallange/backend/src/prisma/prisma.module.ts": {"path":"/home/kaue/Área de trabalho/Pós/Fase 1 /TechChallange/backend/src/prisma/prisma.module.ts","statementMap":{"0":{"start":{"line":1,"column":0},"end":{"line":1,"column":48}},"1":{"start":{"line":2,"column":0},"end":{"line":2,"column":49}},"2":{"start":{"line":9,"column":7},"end":{"line":9,"column":null}},"3":{"start":{"line":9,"column":13},"end":{"line":9,"column":25}},"4":{"start":{"line":9,"column":13},"end":{"line":9,"column":null}}},"fnMap":{},"branchMap":{},"s":{"0":0,"1":0,"2":0,"3":0,"4":0},"f":{},"b":{}}
,"/home/kaue/Área de trabalho/Pós/Fase 1 /TechChallange/backend/src/prisma/prisma.service.ts": {"path":"/home/kaue/Área de trabalho/Pós/Fase 1 /TechChallange/backend/src/prisma/prisma.service.ts","statementMap":{"0":{"start":{"line":1,"column":0},"end":{"line":1,"column":58}},"1":{"start":{"line":2,"column":0},"end":{"line":2,"column":46}},"2":{"start":{"line":5,"column":7},"end":{"line":9,"column":null}},"3":{"start":{"line":7,"column":4},"end":{"line":7,"column":26}},"4":{"start":{"line":5,"column":13},"end":{"line":5,"column":26}},"5":{"start":{"line":5,"column":13},"end":{"line":9,"column":null}}},"fnMap":{"0":{"name":"(anonymous_1)","decl":{"start":{"line":6,"column":2},"end":{"line":6,"column":7}},"loc":{"start":{"line":6,"column":20},"end":{"line":8,"column":3}}}},"branchMap":{},"s":{"0":3,"1":3,"2":3,"3":0,"4":3,"5":3},"f":{"0":0},"b":{}}
,"/home/kaue/Área de trabalho/Pós/Fase 1 /TechChallange/backend/src/service-catalog/service-catalog.controller.ts": {"path":"/home/kaue/Área de trabalho/Pós/Fase 1 /TechChallange/backend/src/service-catalog/service-catalog.controller.ts","statementMap":{"0":{"start":{"line":1,"column":0},"end":{"line":1,"column":94}},"1":{"start":{"line":2,"column":0},"end":{"line":2,"column":66}},"2":{"start":{"line":3,"column":0},"end":{"line":3,"column":75}},"3":{"start":{"line":4,"column":0},"end":{"line":4,"column":75}},"4":{"start":{"line":5,"column":0},"end":{"line":5,"column":54}},"5":{"start":{"line":6,"column":0},"end":{"line":6,"column":57}},"6":{"start":{"line":12,"column":7},"end":{"line":39,"column":null}},"7":{"start":{"line":13,"column":31},"end":{"line":13,"column":54}},"8":{"start":{"line":17,"column":4},"end":{"line":17,"column":70}},"9":{"start":{"line":22,"column":4},"end":{"line":22,"column":48}},"10":{"start":{"line":27,"column":4},"end":{"line":27,"column":50}},"11":{"start":{"line":32,"column":4},"end":{"line":32,"column":74}},"12":{"start":{"line":37,"column":4},"end":{"line":37,"column":49}},"13":{"start":{"line":12,"column":13},"end":{"line":12,"column":37}},"14":{"start":{"line":16,"column":2},"end":{"line":18,"column":null}},"15":{"start":{"line":21,"column":2},"end":{"line":23,"column":null}},"16":{"start":{"line":26,"column":2},"end":{"line":28,"column":null}},"17":{"start":{"line":31,"column":2},"end":{"line":33,"column":null}},"18":{"start":{"line":36,"column":2},"end":{"line":38,"column":null}},"19":{"start":{"line":12,"column":13},"end":{"line":39,"column":null}}},"fnMap":{"0":{"name":"(anonymous_4)","decl":{"start":{"line":13,"column":2},"end":{"line":13,"column":31}},"loc":{"start":{"line":13,"column":75},"end":{"line":13,"column":79}}},"1":{"name":"(anonymous_5)","decl":{"start":{"line":16,"column":2},"end":{"line":16,"column":8}},"loc":{"start":{"line":16,"column":65},"end":{"line":18,"column":3}}},"2":{"name":"(anonymous_6)","decl":{"start":{"line":21,"column":2},"end":{"line":21,"column":9}},"loc":{"start":{"line":21,"column":9},"end":{"line":23,"column":3}}},"3":{"name":"(anonymous_7)","decl":{"start":{"line":26,"column":2},"end":{"line":26,"column":9}},"loc":{"start":{"line":26,"column":33},"end":{"line":28,"column":3}}},"4":{"name":"(anonymous_8)","decl":{"start":{"line":31,"column":2},"end":{"line":31,"column":8}},"loc":{"start":{"line":31,"column":90},"end":{"line":33,"column":3}}},"5":{"name":"(anonymous_9)","decl":{"start":{"line":36,"column":2},"end":{"line":36,"column":8}},"loc":{"start":{"line":36,"column":32},"end":{"line":38,"column":3}}}},"branchMap":{"0":{"loc":{"start":{"line":16,"column":42},"end":{"line":16,"column":null}},"type":"cond-expr","locations":[{"start":{"line":16,"column":65},"end":{"line":16,"column":null}},{"start":{"line":16,"column":65},"end":{"line":16,"column":null}}]},"1":{"loc":{"start":{"line":16,"column":42},"end":{"line":16,"column":65}},"type":"binary-expr","locations":[{"start":{"line":16,"column":42},"end":{"line":16,"column":null}},{"start":{"line":16,"column":42},"end":{"line":16,"column":65}}]},"2":{"loc":{"start":{"line":31,"column":67},"end":{"line":31,"column":null}},"type":"cond-expr","locations":[{"start":{"line":31,"column":90},"end":{"line":31,"column":null}},{"start":{"line":31,"column":90},"end":{"line":31,"column":null}}]},"3":{"loc":{"start":{"line":31,"column":67},"end":{"line":31,"column":90}},"type":"binary-expr","locations":[{"start":{"line":31,"column":67},"end":{"line":31,"column":null}},{"start":{"line":31,"column":67},"end":{"line":31,"column":90}}]},"4":{"loc":{"start":{"line":13,"column":54},"end":{"line":13,"column":78}},"type":"cond-expr","locations":[{"start":{"line":13,"column":75},"end":{"line":13,"column":78}},{"start":{"line":13,"column":75},"end":{"line":13,"column":78}}]},"5":{"loc":{"start":{"line":13,"column":54},"end":{"line":13,"column":75}},"type":"binary-expr","locations":[{"start":{"line":13,"column":54},"end":{"line":13,"column":78}},{"start":{"line":13,"column":54},"end":{"line":13,"column":75}}]}},"s":{"0":0,"1":0,"2":0,"3":0,"4":0,"5":0,"6":0,"7":0,"8":0,"9":0,"10":0,"11":0,"12":0,"13":0,"14":0,"15":0,"16":0,"17":0,"18":0,"19":0},"f":{"0":0,"1":0,"2":0,"3":0,"4":0,"5":0},"b":{"0":[0,0],"1":[0,0],"2":[0,0],"3":[0,0],"4":[0,0],"5":[0,0]}}
,"/home/kaue/Área de trabalho/Pós/Fase 1 /TechChallange/backend/src/service-catalog/service-catalog.module.ts": {"path":"/home/kaue/Área de trabalho/Pós/Fase 1 /TechChallange/backend/src/service-catalog/service-catalog.module.ts","statementMap":{"0":{"start":{"line":1,"column":0},"end":{"line":1,"column":40}},"1":{"start":{"line":2,"column":0},"end":{"line":2,"column":66}},"2":{"start":{"line":3,"column":0},"end":{"line":3,"column":72}},"3":{"start":{"line":9,"column":7},"end":{"line":9,"column":null}},"4":{"start":{"line":9,"column":13},"end":{"line":9,"column":33}},"5":{"start":{"line":9,"column":13},"end":{"line":9,"column":null}}},"fnMap":{},"branchMap":{},"s":{"0":0,"1":0,"2":0,"3":0,"4":0,"5":0},"f":{},"b":{}}
,"/home/kaue/Área de trabalho/Pós/Fase 1 /TechChallange/backend/src/service-catalog/service-catalog.service.ts": {"path":"/home/kaue/Área de trabalho/Pós/Fase 1 /TechChallange/backend/src/service-catalog/service-catalog.service.ts","statementMap":{"0":{"start":{"line":1,"column":0},"end":{"line":1,"column":63}},"1":{"start":{"line":4,"column":0},"end":{"line":4,"column":57}},"2":{"start":{"line":7,"column":7},"end":{"line":48,"column":null}},"3":{"start":{"line":8,"column":22},"end":{"line":8,"column":30}},"4":{"start":{"line":11,"column":4},"end":{"line":13,"column":7}},"5":{"start":{"line":17,"column":4},"end":{"line":17,"column":49}},"6":{"start":{"line":21,"column":27},"end":{"line":23,"column":6}},"7":{"start":{"line":25,"column":4},"end":{"line":27,"column":5}},"8":{"start":{"line":26,"column":6},"end":{"line":26,"column":77}},"9":{"start":{"line":29,"column":4},"end":{"line":29,"column":26}},"10":{"start":{"line":33,"column":4},"end":{"line":33,"column":27}},"11":{"start":{"line":35,"column":4},"end":{"line":38,"column":7}},"12":{"start":{"line":42,"column":4},"end":{"line":42,"column":27}},"13":{"start":{"line":44,"column":4},"end":{"line":46,"column":7}},"14":{"start":{"line":7,"column":13},"end":{"line":7,"column":34}},"15":{"start":{"line":7,"column":13},"end":{"line":48,"column":null}}},"fnMap":{"0":{"name":"(anonymous_2)","decl":{"start":{"line":8,"column":2},"end":{"line":8,"column":22}},"loc":{"start":{"line":8,"column":43},"end":{"line":8,"column":47}}},"1":{"name":"(anonymous_3)","decl":{"start":{"line":10,"column":2},"end":{"line":10,"column":7}},"loc":{"start":{"line":10,"column":63},"end":{"line":14,"column":3}}},"2":{"name":"(anonymous_4)","decl":{"start":{"line":16,"column":2},"end":{"line":16,"column":7}},"loc":{"start":{"line":16,"column":15},"end":{"line":18,"column":3}}},"3":{"name":"(anonymous_5)","decl":{"start":{"line":20,"column":2},"end":{"line":20,"column":7}},"loc":{"start":{"line":20,"column":26},"end":{"line":30,"column":3}}},"4":{"name":"(anonymous_6)","decl":{"start":{"line":32,"column":2},"end":{"line":32,"column":7}},"loc":{"start":{"line":32,"column":75},"end":{"line":39,"column":3}}},"5":{"name":"(anonymous_7)","decl":{"start":{"line":41,"column":2},"end":{"line":41,"column":7}},"loc":{"start":{"line":41,"column":25},"end":{"line":47,"column":3}}}},"branchMap":{"0":{"loc":{"start":{"line":25,"column":4},"end":{"line":27,"column":5}},"type":"if","locations":[{"start":{"line":25,"column":4},"end":{"line":27,"column":5}},{"start":{},"end":{}}]},"1":{"loc":{"start":{"line":8,"column":30},"end":{"line":8,"column":46}},"type":"cond-expr","locations":[{"start":{"line":8,"column":43},"end":{"line":8,"column":46}},{"start":{"line":8,"column":43},"end":{"line":8,"column":46}}]},"2":{"loc":{"start":{"line":8,"column":30},"end":{"line":8,"column":43}},"type":"binary-expr","locations":[{"start":{"line":8,"column":30},"end":{"line":8,"column":46}},{"start":{"line":8,"column":30},"end":{"line":8,"column":43}}]}},"s":{"0":0,"1":0,"2":0,"3":0,"4":0,"5":0,"6":0,"7":0,"8":0,"9":0,"10":0,"11":0,"12":0,"13":0,"14":0,"15":0},"f":{"0":0,"1":0,"2":0,"3":0,"4":0,"5":0},"b":{"0":[0,0],"1":[0,0],"2":[0,0]}}
,"/home/kaue/Área de trabalho/Pós/Fase 1 /TechChallange/backend/src/service-catalog/dto/create-service-catalog.dto.ts": {"path":"/home/kaue/Área de trabalho/Pós/Fase 1 /TechChallange/backend/src/service-catalog/dto/create-service-catalog.dto.ts","statementMap":{"0":{"start":{"line":1,"column":0},"end":{"line":1,"column":82}},"1":{"start":{"line":3,"column":0},"end":{"line":3,"column":13}},"2":{"start":{"line":6,"column":2},"end":{"line":6,"column":null}},"3":{"start":{"line":10,"column":2},"end":{"line":10,"column":null}},"4":{"start":{"line":15,"column":2},"end":{"line":15,"column":null}}},"fnMap":{},"branchMap":{},"s":{"0":0,"1":0,"2":0,"3":0,"4":0},"f":{},"b":{}}
,"/home/kaue/Área de trabalho/Pós/Fase 1 /TechChallange/backend/src/service-catalog/dto/update-service-catalog.dto.ts": {"path":"/home/kaue/Área de trabalho/Pós/Fase 1 /TechChallange/backend/src/service-catalog/dto/update-service-catalog.dto.ts","statementMap":{"0":{"start":{"line":1,"column":0},"end":{"line":1,"column":51}},"1":{"start":{"line":2,"column":0},"end":{"line":2,"column":71}},"2":{"start":{"line":4,"column":0},"end":{"line":4,"column":13}}},"fnMap":{},"branchMap":{},"s":{"0":0,"1":0,"2":0},"f":{},"b":{}}
,"/home/kaue/Área de trabalho/Pós/Fase 1 /TechChallange/backend/src/service-catalog/entities/service-catalog.entity.ts": {"path":"/home/kaue/Área de trabalho/Pós/Fase 1 /TechChallange/backend/src/service-catalog/entities/service-catalog.entity.ts","statementMap":{"0":{"start":{"line":1,"column":0},"end":{"line":1,"column":13}}},"fnMap":{},"branchMap":{},"s":{"0":0},"f":{},"b":{}}
,"/home/kaue/Área de trabalho/Pós/Fase 1 /TechChallange/backend/src/service-orders/service-orders.controller.ts": {"path":"/home/kaue/Área de trabalho/Pós/Fase 1 /TechChallange/backend/src/service-orders/service-orders.controller.ts","statementMap":{"0":{"start":{"line":1,"column":0},"end":{"line":1,"column":86}},"1":{"start":{"line":2,"column":0},"end":{"line":2,"column":64}},"2":{"start":{"line":3,"column":0},"end":{"line":3,"column":71}},"3":{"start":{"line":4,"column":0},"end":{"line":4,"column":84}},"4":{"start":{"line":5,"column":0},"end":{"line":5,"column":64}},"5":{"start":{"line":6,"column":0},"end":{"line":6,"column":54}},"6":{"start":{"line":7,"column":0},"end":{"line":7,"column":57}},"7":{"start":{"line":11,"column":7},"end":{"line":67,"column":null}},"8":{"start":{"line":12,"column":31},"end":{"line":12,"column":53}},"9":{"start":{"line":18,"column":4},"end":{"line":18,"column":55}},"10":{"start":{"line":25,"column":4},"end":{"line":25,"column":47}},"11":{"start":{"line":32,"column":4},"end":{"line":32,"column":63}},"12":{"start":{"line":37,"column":4},"end":{"line":37,"column":49}},"13":{"start":{"line":44,"column":4},"end":{"line":44,"column":65}},"14":{"start":{"line":51,"column":4},"end":{"line":51,"column":60}},"15":{"start":{"line":58,"column":4},"end":{"line":58,"column":57}},"16":{"start":{"line":65,"column":4},"end":{"line":65,"column":56}},"17":{"start":{"line":11,"column":13},"end":{"line":11,"column":36}},"18":{"start":{"line":17,"column":2},"end":{"line":19,"column":null}},"19":{"start":{"line":24,"column":2},"end":{"line":26,"column":null}},"20":{"start":{"line":31,"column":2},"end":{"line":33,"column":null}},"21":{"start":{"line":36,"column":2},"end":{"line":38,"column":null}},"22":{"start":{"line":43,"column":2},"end":{"line":45,"column":null}},"23":{"start":{"line":50,"column":2},"end":{"line":52,"column":null}},"24":{"start":{"line":57,"column":2},"end":{"line":59,"column":null}},"25":{"start":{"line":64,"column":2},"end":{"line":66,"column":null}},"26":{"start":{"line":11,"column":13},"end":{"line":67,"column":null}}},"fnMap":{"0":{"name":"(anonymous_4)","decl":{"start":{"line":12,"column":2},"end":{"line":12,"column":31}},"loc":{"start":{"line":12,"column":73},"end":{"line":12,"column":77}}},"1":{"name":"(anonymous_5)","decl":{"start":{"line":17,"column":2},"end":{"line":17,"column":8}},"loc":{"start":{"line":17,"column":49},"end":{"line":19,"column":3}}},"2":{"name":"(anonymous_6)","decl":{"start":{"line":24,"column":2},"end":{"line":24,"column":9}},"loc":{"start":{"line":24,"column":9},"end":{"line":26,"column":3}}},"3":{"name":"(anonymous_7)","decl":{"start":{"line":31,"column":2},"end":{"line":31,"column":25}},"loc":{"start":{"line":31,"column":25},"end":{"line":33,"column":3}}},"4":{"name":"(anonymous_8)","decl":{"start":{"line":36,"column":2},"end":{"line":36,"column":9}},"loc":{"start":{"line":36,"column":33},"end":{"line":38,"column":3}}},"5":{"name":"(anonymous_9)","decl":{"start":{"line":43,"column":2},"end":{"line":43,"column":14}},"loc":{"start":{"line":43,"column":86},"end":{"line":45,"column":3}}},"6":{"name":"(anonymous_10)","decl":{"start":{"line":50,"column":2},"end":{"line":50,"column":12}},"loc":{"start":{"line":50,"column":71},"end":{"line":52,"column":3}}},"7":{"name":"(anonymous_11)","decl":{"start":{"line":57,"column":2},"end":{"line":57,"column":9}},"loc":{"start":{"line":57,"column":68},"end":{"line":59,"column":3}}},"8":{"name":"(anonymous_12)","decl":{"start":{"line":64,"column":2},"end":{"line":64,"column":16}},"loc":{"start":{"line":64,"column":40},"end":{"line":66,"column":3}}}},"branchMap":{"0":{"loc":{"start":{"line":17,"column":28},"end":{"line":17,"column":null}},"type":"cond-expr","locations":[{"start":{"line":17,"column":49},"end":{"line":17,"column":null}},{"start":{"line":17,"column":49},"end":{"line":17,"column":null}}]},"1":{"loc":{"start":{"line":17,"column":28},"end":{"line":17,"column":49}},"type":"binary-expr","locations":[{"start":{"line":17,"column":28},"end":{"line":17,"column":null}},{"start":{"line":17,"column":28},"end":{"line":17,"column":49}}]},"2":{"loc":{"start":{"line":43,"column":59},"end":{"line":43,"column":null}},"type":"cond-expr","locations":[{"start":{"line":43,"column":86},"end":{"line":43,"column":null}},{"start":{"line":43,"column":86},"end":{"line":43,"column":null}}]},"3":{"loc":{"start":{"line":43,"column":59},"end":{"line":43,"column":86}},"type":"binary-expr","locations":[{"start":{"line":43,"column":59},"end":{"line":43,"column":null}},{"start":{"line":43,"column":59},"end":{"line":43,"column":86}}]},"4":{"loc":{"start":{"line":50,"column":54},"end":{"line":50,"column":null}},"type":"cond-expr","locations":[{"start":{"line":50,"column":71},"end":{"line":50,"column":null}},{"start":{"line":50,"column":71},"end":{"line":50,"column":null}}]},"5":{"loc":{"start":{"line":50,"column":54},"end":{"line":50,"column":71}},"type":"binary-expr","locations":[{"start":{"line":50,"column":54},"end":{"line":50,"column":null}},{"start":{"line":50,"column":54},"end":{"line":50,"column":71}}]},"6":{"loc":{"start":{"line":57,"column":51},"end":{"line":57,"column":null}},"type":"cond-expr","locations":[{"start":{"line":57,"column":68},"end":{"line":57,"column":null}},{"start":{"line":57,"column":68},"end":{"line":57,"column":null}}]},"7":{"loc":{"start":{"line":57,"column":51},"end":{"line":57,"column":68}},"type":"binary-expr","locations":[{"start":{"line":57,"column":51},"end":{"line":57,"column":null}},{"start":{"line":57,"column":51},"end":{"line":57,"column":68}}]},"8":{"loc":{"start":{"line":12,"column":53},"end":{"line":12,"column":76}},"type":"cond-expr","locations":[{"start":{"line":12,"column":73},"end":{"line":12,"column":76}},{"start":{"line":12,"column":73},"end":{"line":12,"column":76}}]},"9":{"loc":{"start":{"line":12,"column":53},"end":{"line":12,"column":73}},"type":"binary-expr","locations":[{"start":{"line":12,"column":53},"end":{"line":12,"column":76}},{"start":{"line":12,"column":53},"end":{"line":12,"column":73}}]}},"s":{"0":0,"1":0,"2":0,"3":0,"4":0,"5":0,"6":0,"7":0,"8":0,"9":0,"10":0,"11":0,"12":0,"13":0,"14":0,"15":0,"16":0,"17":0,"18":0,"19":0,"20":0,"21":0,"22":0,"23":0,"24":0,"25":0,"26":0},"f":{"0":0,"1":0,"2":0,"3":0,"4":0,"5":0,"6":0,"7":0,"8":0},"b":{"0":[0,0],"1":[0,0],"2":[0,0],"3":[0,0],"4":[0,0],"5":[0,0],"6":[0,0],"7":[0,0],"8":[0,0],"9":[0,0]}}
,"/home/kaue/Área de trabalho/Pós/Fase 1 /TechChallange/backend/src/service-orders/service-orders.module.ts": {"path":"/home/kaue/Área de trabalho/Pós/Fase 1 /TechChallange/backend/src/service-orders/service-orders.module.ts","statementMap":{"0":{"start":{"line":1,"column":0},"end":{"line":1,"column":40}},"1":{"start":{"line":2,"column":0},"end":{"line":2,"column":70}},"2":{"start":{"line":3,"column":0},"end":{"line":3,"column":64}},"3":{"start":{"line":9,"column":7},"end":{"line":9,"column":null}},"4":{"start":{"line":9,"column":13},"end":{"line":9,"column":32}},"5":{"start":{"line":9,"column":13},"end":{"line":9,"column":null}}},"fnMap":{},"branchMap":{},"s":{"0":0,"1":0,"2":0,"3":0,"4":0,"5":0},"f":{},"b":{}}
,"/home/kaue/Área de trabalho/Pós/Fase 1 /TechChallange/backend/src/service-orders/service-orders.service.ts": {"path":"/home/kaue/Área de trabalho/Pós/Fase 1 /TechChallange/backend/src/service-orders/service-orders.service.ts","statementMap":{"0":{"start":{"line":1,"column":0},"end":{"line":1,"column":103}},"1":{"start":{"line":2,"column":0},"end":{"line":2,"column":57}},"2":{"start":{"line":6,"column":0},"end":{"line":6,"column":52}},"3":{"start":{"line":9,"column":7},"end":{"line":193,"column":null}},"4":{"start":{"line":10,"column":22},"end":{"line":10,"column":30}},"5":{"start":{"line":14,"column":20},"end":{"line":16,"column":6}},"6":{"start":{"line":18,"column":4},"end":{"line":20,"column":5}},"7":{"start":{"line":19,"column":6},"end":{"line":19,"column":55}},"8":{"start":{"line":22,"column":4},"end":{"line":24,"column":5}},"9":{"start":{"line":23,"column":6},"end":{"line":23,"column":85}},"10":{"start":{"line":26,"column":4},"end":{"line":32,"column":7}},"11":{"start":{"line":36,"column":4},"end":{"line":41,"column":7}},"12":{"start":{"line":45,"column":25},"end":{"line":53,"column":6}},"13":{"start":{"line":55,"column":4},"end":{"line":57,"column":5}},"14":{"start":{"line":56,"column":6},"end":{"line":56,"column":67}},"15":{"start":{"line":59,"column":4},"end":{"line":59,"column":24}},"16":{"start":{"line":63,"column":25},"end":{"line":63,"column":47}},"17":{"start":{"line":65,"column":30},"end":{"line":65,"column":58}},"18":{"start":{"line":67,"column":4},"end":{"line":71,"column":5}},"19":{"start":{"line":68,"column":6},"end":{"line":68,"column":51}},"20":{"start":{"line":69,"column":11},"end":{"line":71,"column":5}},"21":{"start":{"line":70,"column":6},"end":{"line":70,"column":52}},"22":{"start":{"line":73,"column":4},"end":{"line":76,"column":7}},"23":{"start":{"line":80,"column":25},"end":{"line":80,"column":52}},"24":{"start":{"line":82,"column":4},"end":{"line":84,"column":5}},"25":{"start":{"line":83,"column":6},"end":{"line":83,"column":108}},"26":{"start":{"line":86,"column":27},"end":{"line":88,"column":6}},"27":{"start":{"line":90,"column":4},"end":{"line":92,"column":5}},"28":{"start":{"line":91,"column":6},"end":{"line":91,"column":66}},"29":{"start":{"line":94,"column":4},"end":{"line":101,"column":7}},"30":{"start":{"line":105,"column":25},"end":{"line":105,"column":52}},"31":{"start":{"line":107,"column":4},"end":{"line":109,"column":5}},"32":{"start":{"line":108,"column":6},"end":{"line":108,"column":105}},"33":{"start":{"line":111,"column":17},"end":{"line":113,"column":6}},"34":{"start":{"line":115,"column":4},"end":{"line":117,"column":5}},"35":{"start":{"line":116,"column":6},"end":{"line":116,"column":52}},"36":{"start":{"line":119,"column":4},"end":{"line":121,"column":5}},"37":{"start":{"line":120,"column":6},"end":{"line":120,"column":112}},"38":{"start":{"line":124,"column":4},"end":{"line":127,"column":7}},"39":{"start":{"line":129,"column":4},"end":{"line":136,"column":7}},"40":{"start":{"line":140,"column":18},"end":{"line":140,"column":40}},"41":{"start":{"line":142,"column":26},"end":{"line":142,"column":120}},"42":{"start":{"line":142,"column":76},"end":{"line":142,"column":116}},"43":{"start":{"line":143,"column":23},"end":{"line":143,"column":114}},"44":{"start":{"line":143,"column":70},"end":{"line":143,"column":110}},"45":{"start":{"line":145,"column":23},"end":{"line":145,"column":49}},"46":{"start":{"line":147,"column":25},"end":{"line":153,"column":6}},"47":{"start":{"line":155,"column":4},"end":{"line":155,"column":24}},"48":{"start":{"line":159,"column":27},"end":{"line":169,"column":6}},"49":{"start":{"line":171,"column":4},"end":{"line":177,"column":5}},"50":{"start":{"line":172,"column":6},"end":{"line":176,"column":8}},"51":{"start":{"line":179,"column":26},"end":{"line":179,"column":27}},"52":{"start":{"line":180,"column":4},"end":{"line":184,"column":5}},"53":{"start":{"line":181,"column":20},"end":{"line":181,"column":65}},"54":{"start":{"line":182,"column":18},"end":{"line":182,"column":64}},"55":{"start":{"line":183,"column":6},"end":{"line":183,"column":39}},"56":{"start":{"line":186,"column":35},"end":{"line":186,"column":90}},"57":{"start":{"line":188,"column":4},"end":{"line":191,"column":6}},"58":{"start":{"line":9,"column":13},"end":{"line":9,"column":33}},"59":{"start":{"line":9,"column":13},"end":{"line":193,"column":null}}},"fnMap":{"0":{"name":"(anonymous_2)","decl":{"start":{"line":10,"column":2},"end":{"line":10,"column":22}},"loc":{"start":{"line":10,"column":43},"end":{"line":10,"column":47}}},"1":{"name":"(anonymous_3)","decl":{"start":{"line":12,"column":2},"end":{"line":12,"column":7}},"loc":{"start":{"line":12,"column":47},"end":{"line":33,"column":3}}},"2":{"name":"(anonymous_4)","decl":{"start":{"line":35,"column":2},"end":{"line":35,"column":7}},"loc":{"start":{"line":35,"column":15},"end":{"line":42,"column":3}}},"3":{"name":"(anonymous_5)","decl":{"start":{"line":44,"column":2},"end":{"line":44,"column":7}},"loc":{"start":{"line":44,"column":26},"end":{"line":60,"column":3}}},"4":{"name":"(anonymous_6)","decl":{"start":{"line":62,"column":2},"end":{"line":62,"column":7}},"loc":{"start":{"line":62,"column":71},"end":{"line":77,"column":3}}},"5":{"name":"(anonymous_7)","decl":{"start":{"line":79,"column":2},"end":{"line":79,"column":7}},"loc":{"start":{"line":79,"column":61},"end":{"line":102,"column":3}}},"6":{"name":"(anonymous_8)","decl":{"start":{"line":104,"column":2},"end":{"line":104,"column":7}},"loc":{"start":{"line":104,"column":58},"end":{"line":137,"column":3}}},"7":{"name":"(anonymous_9)","decl":{"start":{"line":139,"column":2},"end":{"line":139,"column":7}},"loc":{"start":{"line":139,"column":33},"end":{"line":156,"column":3}}},"8":{"name":"(anonymous_10)","decl":{"start":{"line":142,"column":48},"end":{"line":142,"column":49}},"loc":{"start":{"line":142,"column":76},"end":{"line":142,"column":116}}},"9":{"name":"(anonymous_11)","decl":{"start":{"line":143,"column":42},"end":{"line":143,"column":43}},"loc":{"start":{"line":143,"column":70},"end":{"line":143,"column":110}}},"10":{"name":"(anonymous_12)","decl":{"start":{"line":158,"column":2},"end":{"line":158,"column":7}},"loc":{"start":{"line":158,"column":31},"end":{"line":192,"column":3}}}},"branchMap":{"0":{"loc":{"start":{"line":18,"column":4},"end":{"line":20,"column":5}},"type":"if","locations":[{"start":{"line":18,"column":4},"end":{"line":20,"column":5}},{"start":{},"end":{}}]},"1":{"loc":{"start":{"line":22,"column":4},"end":{"line":24,"column":5}},"type":"if","locations":[{"start":{"line":22,"column":4},"end":{"line":24,"column":5}},{"start":{},"end":{}}]},"2":{"loc":{"start":{"line":55,"column":4},"end":{"line":57,"column":5}},"type":"if","locations":[{"start":{"line":55,"column":4},"end":{"line":57,"column":5}},{"start":{},"end":{}}]},"3":{"loc":{"start":{"line":67,"column":4},"end":{"line":71,"column":5}},"type":"if","locations":[{"start":{"line":67,"column":4},"end":{"line":71,"column":5}},{"start":{"line":69,"column":11},"end":{"line":71,"column":5}}]},"4":{"loc":{"start":{"line":67,"column":8},"end":{"line":67,"column":95}},"type":"binary-expr","locations":[{"start":{"line":67,"column":8},"end":{"line":67,"column":59}},{"start":{"line":67,"column":63},"end":{"line":67,"column":95}}]},"5":{"loc":{"start":{"line":69,"column":11},"end":{"line":71,"column":5}},"type":"if","locations":[{"start":{"line":69,"column":11},"end":{"line":71,"column":5}},{"start":{},"end":{}}]},"6":{"loc":{"start":{"line":69,"column":15},"end":{"line":69,"column":100}},"type":"binary-expr","locations":[{"start":{"line":69,"column":15},"end":{"line":69,"column":63}},{"start":{"line":69,"column":67},"end":{"line":69,"column":100}}]},"7":{"loc":{"start":{"line":82,"column":4},"end":{"line":84,"column":5}},"type":"if","locations":[{"start":{"line":82,"column":4},"end":{"line":84,"column":5}},{"start":{},"end":{}}]},"8":{"loc":{"start":{"line":82,"column":8},"end":{"line":82,"column":120}},"type":"binary-expr","locations":[{"start":{"line":82,"column":8},"end":{"line":82,"column":59}},{"start":{"line":82,"column":63},"end":{"line":82,"column":120}}]},"9":{"loc":{"start":{"line":90,"column":4},"end":{"line":92,"column":5}},"type":"if","locations":[{"start":{"line":90,"column":4},"end":{"line":92,"column":5}},{"start":{},"end":{}}]},"10":{"loc":{"start":{"line":107,"column":4},"end":{"line":109,"column":5}},"type":"if","locations":[{"start":{"line":107,"column":4},"end":{"line":109,"column":5}},{"start":{},"end":{}}]},"11":{"loc":{"start":{"line":107,"column":8},"end":{"line":107,"column":120}},"type":"binary-expr","locations":[{"start":{"line":107,"column":8},"end":{"line":107,"column":59}},{"start":{"line":107,"column":63},"end":{"line":107,"column":120}}]},"12":{"loc":{"start":{"line":115,"column":4},"end":{"line":117,"column":5}},"type":"if","locations":[{"start":{"line":115,"column":4},"end":{"line":117,"column":5}},{"start":{},"end":{}}]},"13":{"loc":{"start":{"line":119,"column":4},"end":{"line":121,"column":5}},"type":"if","locations":[{"start":{"line":119,"column":4},"end":{"line":121,"column":5}},{"start":{},"end":{}}]},"14":{"loc":{"start":{"line":171,"column":4},"end":{"line":177,"column":5}},"type":"if","locations":[{"start":{"line":171,"column":4},"end":{"line":177,"column":5}},{"start":{},"end":{}}]},"15":{"loc":{"start":{"line":10,"column":30},"end":{"line":10,"column":46}},"type":"cond-expr","locations":[{"start":{"line":10,"column":43},"end":{"line":10,"column":46}},{"start":{"line":10,"column":43},"end":{"line":10,"column":46}}]},"16":{"loc":{"start":{"line":10,"column":30},"end":{"line":10,"column":43}},"type":"binary-expr","locations":[{"start":{"line":10,"column":30},"end":{"line":10,"column":46}},{"start":{"line":10,"column":30},"end":{"line":10,"column":43}}]}},"s":{"0":1,"1":1,"2":1,"3":1,"4":19,"5":3,"6":3,"7":1,"8":2,"9":1,"10":1,"11":1,"12":2,"13":2,"14":1,"15":1,"16":2,"17":2,"18":2,"19":1,"20":1,"21":1,"22":2,"23":3,"24":3,"25":1,"26":2,"27":2,"28":1,"29":1,"30":4,"31":4,"32":1,"33":3,"34":3,"35":1,"36":2,"37":1,"38":1,"39":1,"40":1,"41":1,"42":1,"43":1,"44":1,"45":1,"46":1,"47":1,"48":2,"49":2,"50":1,"51":1,"52":1,"53":2,"54":2,"55":2,"56":1,"57":1,"58":1,"59":1},"f":{"0":19,"1":3,"2":1,"3":2,"4":2,"5":3,"6":4,"7":1,"8":1,"9":1,"10":2},"b":{"0":[1,2],"1":[1,1],"2":[1,1],"3":[1,1],"4":[2,1],"5":[1,0],"6":[1,1],"7":[1,2],"8":[3,3],"9":[1,1],"10":[1,3],"11":[4,4],"12":[1,2],"13":[1,1],"14":[1,1],"15":[1,0],"16":[1,1]}}
,"/home/kaue/Área de trabalho/Pós/Fase 1 /TechChallange/backend/src/service-orders/dto/add-item-to-order.dto.ts": {"path":"/home/kaue/Área de trabalho/Pós/Fase 1 /TechChallange/backend/src/service-orders/dto/add-item-to-order.dto.ts","statementMap":{"0":{"start":{"line":1,"column":0},"end":{"line":1,"column":75}},"1":{"start":{"line":11,"column":21},"end":{"line":11,"column":22}},"2":{"start":{"line":3,"column":0},"end":{"line":3,"column":13}},"3":{"start":{"line":7,"column":2},"end":{"line":7,"column":null}},"4":{"start":{"line":11,"column":2},"end":{"line":11,"column":null}}},"fnMap":{},"branchMap":{},"s":{"0":0,"1":0,"2":0,"3":0,"4":0},"f":{},"b":{}}
,"/home/kaue/Área de trabalho/Pós/Fase 1 /TechChallange/backend/src/service-orders/dto/create-service-order.dto.ts": {"path":"/home/kaue/Área de trabalho/Pós/Fase 1 /TechChallange/backend/src/service-orders/dto/create-service-order.dto.ts","statementMap":{"0":{"start":{"line":1,"column":0},"end":{"line":1,"column":63}},"1":{"start":{"line":3,"column":0},"end":{"line":3,"column":13}},"2":{"start":{"line":7,"column":2},"end":{"line":7,"column":null}},"3":{"start":{"line":12,"column":2},"end":{"line":12,"column":null}}},"fnMap":{},"branchMap":{},"s":{"0":0,"1":0,"2":0,"3":0},"f":{},"b":{}}
,"/home/kaue/Área de trabalho/Pós/Fase 1 /TechChallange/backend/src/service-orders/dto/update-service-order-status.dto.ts": {"path":"/home/kaue/Área de trabalho/Pós/Fase 1 /TechChallange/backend/src/service-orders/dto/update-service-order-status.dto.ts","statementMap":{"0":{"start":{"line":1,"column":0},"end":{"line":1,"column":53}},"1":{"start":{"line":2,"column":0},"end":{"line":2,"column":52}},"2":{"start":{"line":4,"column":0},"end":{"line":4,"column":13}},"3":{"start":{"line":7,"column":2},"end":{"line":7,"column":null}}},"fnMap":{},"branchMap":{"0":{"loc":{"start":{"line":7,"column":10},"end":{"line":7,"column":29}},"type":"cond-expr","locations":[{"start":{"line":7,"column":28},"end":{"line":7,"column":29}},{"start":{"line":7,"column":28},"end":{"line":7,"column":29}}]},"1":{"loc":{"start":{"line":7,"column":10},"end":{"line":7,"column":28}},"type":"binary-expr","locations":[{"start":{"line":7,"column":10},"end":{"line":7,"column":29}},{"start":{"line":7,"column":10},"end":{"line":7,"column":28}}]}},"s":{"0":0,"1":0,"2":0,"3":0},"f":{},"b":{"0":[0,0],"1":[0,0]}}
,"/home/kaue/Área de trabalho/Pós/Fase 1 /TechChallange/backend/src/vehicles/vehicles.controller.ts": {"path":"/home/kaue/Área de trabalho/Pós/Fase 1 /TechChallange/backend/src/vehicles/vehicles.controller.ts","statementMap":{"0":{"start":{"line":1,"column":0},"end":{"line":1,"column":94}},"1":{"start":{"line":2,"column":0},"end":{"line":2,"column":53}},"2":{"start":{"line":3,"column":0},"end":{"line":3,"column":60}},"3":{"start":{"line":4,"column":0},"end":{"line":4,"column":60}},"4":{"start":{"line":5,"column":0},"end":{"line":5,"column":54}},"5":{"start":{"line":6,"column":0},"end":{"line":6,"column":57}},"6":{"start":{"line":12,"column":7},"end":{"line":39,"column":null}},"7":{"start":{"line":13,"column":31},"end":{"line":13,"column":48}},"8":{"start":{"line":17,"column":4},"end":{"line":17,"column":57}},"9":{"start":{"line":22,"column":4},"end":{"line":22,"column":42}},"10":{"start":{"line":27,"column":4},"end":{"line":27,"column":44}},"11":{"start":{"line":32,"column":4},"end":{"line":32,"column":61}},"12":{"start":{"line":37,"column":4},"end":{"line":37,"column":43}},"13":{"start":{"line":12,"column":13},"end":{"line":12,"column":31}},"14":{"start":{"line":16,"column":2},"end":{"line":18,"column":null}},"15":{"start":{"line":21,"column":2},"end":{"line":23,"column":null}},"16":{"start":{"line":26,"column":2},"end":{"line":28,"column":null}},"17":{"start":{"line":31,"column":2},"end":{"line":33,"column":null}},"18":{"start":{"line":36,"column":2},"end":{"line":38,"column":null}},"19":{"start":{"line":12,"column":13},"end":{"line":39,"column":null}}},"fnMap":{"0":{"name":"(anonymous_4)","decl":{"start":{"line":13,"column":2},"end":{"line":13,"column":31}},"loc":{"start":{"line":13,"column":63},"end":{"line":13,"column":67}}},"1":{"name":"(anonymous_5)","decl":{"start":{"line":16,"column":2},"end":{"line":16,"column":8}},"loc":{"start":{"line":16,"column":51},"end":{"line":18,"column":3}}},"2":{"name":"(anonymous_6)","decl":{"start":{"line":21,"column":2},"end":{"line":21,"column":9}},"loc":{"start":{"line":21,"column":9},"end":{"line":23,"column":3}}},"3":{"name":"(anonymous_7)","decl":{"start":{"line":26,"column":2},"end":{"line":26,"column":9}},"loc":{"start":{"line":26,"column":33},"end":{"line":28,"column":3}}},"4":{"name":"(anonymous_8)","decl":{"start":{"line":31,"column":2},"end":{"line":31,"column":8}},"loc":{"start":{"line":31,"column":76},"end":{"line":33,"column":3}}},"5":{"name":"(anonymous_9)","decl":{"start":{"line":36,"column":2},"end":{"line":36,"column":8}},"loc":{"start":{"line":36,"column":32},"end":{"line":38,"column":3}}}},"branchMap":{"0":{"loc":{"start":{"line":16,"column":35},"end":{"line":16,"column":null}},"type":"cond-expr","locations":[{"start":{"line":16,"column":51},"end":{"line":16,"column":null}},{"start":{"line":16,"column":51},"end":{"line":16,"column":null}}]},"1":{"loc":{"start":{"line":16,"column":35},"end":{"line":16,"column":51}},"type":"binary-expr","locations":[{"start":{"line":16,"column":35},"end":{"line":16,"column":null}},{"start":{"line":16,"column":35},"end":{"line":16,"column":51}}]},"2":{"loc":{"start":{"line":31,"column":60},"end":{"line":31,"column":null}},"type":"cond-expr","locations":[{"start":{"line":31,"column":76},"end":{"line":31,"column":null}},{"start":{"line":31,"column":76},"end":{"line":31,"column":null}}]},"3":{"loc":{"start":{"line":31,"column":60},"end":{"line":31,"column":76}},"type":"binary-expr","locations":[{"start":{"line":31,"column":60},"end":{"line":31,"column":null}},{"start":{"line":31,"column":60},"end":{"line":31,"column":76}}]},"4":{"loc":{"start":{"line":13,"column":48},"end":{"line":13,"column":66}},"type":"cond-expr","locations":[{"start":{"line":13,"column":63},"end":{"line":13,"column":66}},{"start":{"line":13,"column":63},"end":{"line":13,"column":66}}]},"5":{"loc":{"start":{"line":13,"column":48},"end":{"line":13,"column":63}},"type":"binary-expr","locations":[{"start":{"line":13,"column":48},"end":{"line":13,"column":66}},{"start":{"line":13,"column":48},"end":{"line":13,"column":63}}]}},"s":{"0":0,"1":0,"2":0,"3":0,"4":0,"5":0,"6":0,"7":0,"8":0,"9":0,"10":0,"11":0,"12":0,"13":0,"14":0,"15":0,"16":0,"17":0,"18":0,"19":0},"f":{"0":0,"1":0,"2":0,"3":0,"4":0,"5":0},"b":{"0":[0,0],"1":[0,0],"2":[0,0],"3":[0,0],"4":[0,0],"5":[0,0]}}
,"/home/kaue/Área de trabalho/Pós/Fase 1 /TechChallange/backend/src/vehicles/vehicles.module.ts": {"path":"/home/kaue/Área de trabalho/Pós/Fase 1 /TechChallange/backend/src/vehicles/vehicles.module.ts","statementMap":{"0":{"start":{"line":1,"column":0},"end":{"line":1,"column":40}},"1":{"start":{"line":2,"column":0},"end":{"line":2,"column":53}},"2":{"start":{"line":3,"column":0},"end":{"line":3,"column":59}},"3":{"start":{"line":9,"column":7},"end":{"line":9,"column":null}},"4":{"start":{"line":9,"column":13},"end":{"line":9,"column":27}},"5":{"start":{"line":9,"column":13},"end":{"line":9,"column":null}}},"fnMap":{},"branchMap":{},"s":{"0":0,"1":0,"2":0,"3":0,"4":0,"5":0},"f":{},"b":{}}
,"/home/kaue/Área de trabalho/Pós/Fase 1 /TechChallange/backend/src/vehicles/vehicles.service.ts": {"path":"/home/kaue/Área de trabalho/Pós/Fase 1 /TechChallange/backend/src/vehicles/vehicles.service.ts","statementMap":{"0":{"start":{"line":1,"column":0},"end":{"line":1,"column":82}},"1":{"start":{"line":4,"column":0},"end":{"line":4,"column":57}},"2":{"start":{"line":7,"column":7},"end":{"line":62,"column":null}},"3":{"start":{"line":8,"column":31},"end":{"line":8,"column":39}},"4":{"start":{"line":11,"column":19},"end":{"line":13,"column":6}},"5":{"start":{"line":15,"column":4},"end":{"line":17,"column":5}},"6":{"start":{"line":16,"column":6},"end":{"line":16,"column":84}},"7":{"start":{"line":20,"column":19},"end":{"line":22,"column":6}},"8":{"start":{"line":24,"column":4},"end":{"line":26,"column":5}},"9":{"start":{"line":25,"column":6},"end":{"line":25,"column":60}},"10":{"start":{"line":28,"column":4},"end":{"line":30,"column":7}},"11":{"start":{"line":34,"column":4},"end":{"line":36,"column":7}},"12":{"start":{"line":40,"column":20},"end":{"line":43,"column":6}},"13":{"start":{"line":44,"column":4},"end":{"line":44,"column":72}},"14":{"start":{"line":44,"column":18},"end":{"line":44,"column":72}},"15":{"start":{"line":45,"column":4},"end":{"line":45,"column":19}},"16":{"start":{"line":49,"column":4},"end":{"line":49,"column":27}},"17":{"start":{"line":50,"column":4},"end":{"line":53,"column":7}},"18":{"start":{"line":57,"column":4},"end":{"line":57,"column":27}},"19":{"start":{"line":58,"column":4},"end":{"line":60,"column":7}},"20":{"start":{"line":7,"column":13},"end":{"line":7,"column":28}},"21":{"start":{"line":7,"column":13},"end":{"line":62,"column":null}}},"fnMap":{"0":{"name":"(anonymous_2)","decl":{"start":{"line":8,"column":2},"end":{"line":8,"column":31}},"loc":{"start":{"line":8,"column":52},"end":{"line":8,"column":56}}},"1":{"name":"(anonymous_3)","decl":{"start":{"line":10,"column":2},"end":{"line":10,"column":7}},"loc":{"start":{"line":10,"column":49},"end":{"line":31,"column":3}}},"2":{"name":"(anonymous_4)","decl":{"start":{"line":33,"column":2},"end":{"line":33,"column":9}},"loc":{"start":{"line":33,"column":9},"end":{"line":37,"column":3}}},"3":{"name":"(anonymous_5)","decl":{"start":{"line":39,"column":2},"end":{"line":39,"column":7}},"loc":{"start":{"line":39,"column":26},"end":{"line":46,"column":3}}},"4":{"name":"(anonymous_6)","decl":{"start":{"line":48,"column":2},"end":{"line":48,"column":7}},"loc":{"start":{"line":48,"column":61},"end":{"line":54,"column":3}}},"5":{"name":"(anonymous_7)","decl":{"start":{"line":56,"column":2},"end":{"line":56,"column":7}},"loc":{"start":{"line":56,"column":25},"end":{"line":61,"column":3}}}},"branchMap":{"0":{"loc":{"start":{"line":15,"column":4},"end":{"line":17,"column":5}},"type":"if","locations":[{"start":{"line":15,"column":4},"end":{"line":17,"column":5}},{"start":{},"end":{}}]},"1":{"loc":{"start":{"line":24,"column":4},"end":{"line":26,"column":5}},"type":"if","locations":[{"start":{"line":24,"column":4},"end":{"line":26,"column":5}},{"start":{},"end":{}}]},"2":{"loc":{"start":{"line":44,"column":4},"end":{"line":44,"column":72}},"type":"if","locations":[{"start":{"line":44,"column":4},"end":{"line":44,"column":72}},{"start":{},"end":{}}]},"3":{"loc":{"start":{"line":8,"column":39},"end":{"line":8,"column":55}},"type":"cond-expr","locations":[{"start":{"line":8,"column":52},"end":{"line":8,"column":55}},{"start":{"line":8,"column":52},"end":{"line":8,"column":55}}]},"4":{"loc":{"start":{"line":8,"column":39},"end":{"line":8,"column":52}},"type":"binary-expr","locations":[{"start":{"line":8,"column":39},"end":{"line":8,"column":55}},{"start":{"line":8,"column":39},"end":{"line":8,"column":52}}]}},"s":{"0":1,"1":1,"2":1,"3":9,"4":3,"5":3,"6":1,"7":2,"8":2,"9":1,"10":1,"11":1,"12":4,"13":4,"14":1,"15":3,"16":1,"17":1,"18":1,"19":1,"20":1,"21":1},"f":{"0":9,"1":3,"2":1,"3":4,"4":1,"5":1},"b":{"0":[1,2],"1":[1,1],"2":[1,3],"3":[1,0],"4":[1,1]}}
,"/home/kaue/Área de trabalho/Pós/Fase 1 /TechChallange/backend/src/vehicles/dto/create-vehicle.dto.ts": {"path":"/home/kaue/Área de trabalho/Pós/Fase 1 /TechChallange/backend/src/vehicles/dto/create-vehicle.dto.ts","statementMap":{"0":{"start":{"line":1,"column":0},"end":{"line":1,"column":62}},"1":{"start":{"line":2,"column":0},"end":{"line":2,"column":71}},"2":{"start":{"line":4,"column":0},"end":{"line":4,"column":13}},"3":{"start":{"line":8,"column":2},"end":{"line":8,"column":null}},"4":{"start":{"line":12,"column":2},"end":{"line":12,"column":null}},"5":{"start":{"line":16,"column":2},"end":{"line":16,"column":null}},"6":{"start":{"line":20,"column":2},"end":{"line":20,"column":null}},"7":{"start":{"line":24,"column":2},"end":{"line":24,"column":null}}},"fnMap":{},"branchMap":{},"s":{"0":0,"1":0,"2":0,"3":0,"4":0,"5":0,"6":0,"7":0},"f":{},"b":{}}
,"/home/kaue/Área de trabalho/Pós/Fase 1 /TechChallange/backend/src/vehicles/dto/update-vehicle.dto.ts": {"path":"/home/kaue/Área de trabalho/Pós/Fase 1 /TechChallange/backend/src/vehicles/dto/update-vehicle.dto.ts","statementMap":{"0":{"start":{"line":1,"column":0},"end":{"line":1,"column":51}},"1":{"start":{"line":2,"column":0},"end":{"line":2,"column":56}},"2":{"start":{"line":4,"column":0},"end":{"line":4,"column":13}}},"fnMap":{},"branchMap":{},"s":{"0":0,"1":0,"2":0},"f":{},"b":{}}
,"/home/kaue/Área de trabalho/Pós/Fase 1 /TechChallange/backend/src/vehicles/entities/vehicle.entity.ts": {"path":"/home/kaue/Área de trabalho/Pós/Fase 1 /TechChallange/backend/src/vehicles/entities/vehicle.entity.ts","statementMap":{"0":{"start":{"line":1,"column":0},"end":{"line":1,"column":13}}},"fnMap":{},"branchMap":{},"s":{"0":0},"f":{},"b":{}}
}
