TN:
SF:src/app.controller.ts
FN:6,(anonymous_2)
FN:9,(anonymous_3)
FNF:2
FNH:2
FNDA:1,(anonymous_2)
FNDA:1,(anonymous_3)
DA:1,1
DA:2,1
DA:5,1
DA:6,1
DA:9,1
DA:10,1
LF:6
LH:6
BRDA:6,0,0,1
BRDA:6,0,1,0
BRDA:6,1,0,1
BRDA:6,1,1,1
BRF:4
BRH:3
end_of_record
TN:
SF:src/app.module.ts
FNF:0
FNH:0
DA:1,0
DA:2,0
DA:3,0
DA:4,0
DA:5,0
DA:6,0
DA:7,0
DA:8,0
DA:9,0
DA:10,0
DA:17,0
LF:11
LH:0
BRF:0
BRH:0
end_of_record
TN:
SF:src/app.service.ts
FN:5,(anonymous_1)
FNF:1
FNH:1
FNDA:1,(anonymous_1)
DA:1,1
DA:4,1
DA:6,1
LF:3
LH:3
BRF:0
BRH:0
end_of_record
TN:
SF:src/main.ts
FN:6,bootstrap
FNF:1
FNH:0
FNDA:0,bootstrap
DA:1,0
DA:2,0
DA:3,0
DA:4,0
DA:7,0
DA:9,0
DA:14,0
DA:21,0
DA:22,0
DA:24,0
DA:26,0
LF:11
LH:0
BRDA:24,0,0,0
BRDA:24,0,1,0
BRF:2
BRH:0
end_of_record
TN:
SF:src/auth/auth.controller.ts
FN:6,(anonymous_2)
FN:9,(anonymous_3)
FNF:2
FNH:0
FNDA:0,(anonymous_2)
FNDA:0,(anonymous_3)
DA:1,0
DA:2,0
DA:5,0
DA:6,0
DA:9,0
DA:10,0
LF:6
LH:0
BRDA:6,0,0,0
BRDA:6,0,1,0
BRDA:6,1,0,0
BRDA:6,1,1,0
BRF:4
BRH:0
end_of_record
TN:
SF:src/auth/auth.module.ts
FNF:0
FNH:0
DA:1,0
DA:2,0
DA:3,0
DA:4,0
DA:5,0
DA:6,0
DA:19,0
LF:7
LH:0
BRDA:12,0,0,0
BRDA:12,0,1,0
BRF:2
BRH:0
end_of_record
TN:
SF:src/auth/auth.service.ts
FN:6,(anonymous_2)
FN:8,(anonymous_3)
FNF:2
FNH:0
FNDA:0,(anonymous_2)
FNDA:0,(anonymous_3)
DA:1,0
DA:2,0
DA:5,0
DA:6,0
DA:9,0
DA:10,0
LF:6
LH:0
BRDA:6,0,0,0
BRDA:6,0,1,0
BRDA:6,1,0,0
BRDA:6,1,1,0
BRF:4
BRH:0
end_of_record
TN:
SF:src/auth/jwt-auth.guard.ts
FNF:0
FNH:0
DA:1,0
DA:2,0
DA:5,0
LF:3
LH:0
BRF:0
BRH:0
end_of_record
TN:
SF:src/auth/jwt.strategy.ts
FN:7,(anonymous_2)
FN:15,(anonymous_3)
FNF:2
FNH:0
FNDA:0,(anonymous_2)
FNDA:0,(anonymous_3)
DA:1,0
DA:2,0
DA:3,0
DA:6,0
DA:8,0
DA:18,0
DA:19,0
DA:21,0
LF:8
LH:0
BRDA:11,0,0,0
BRDA:11,0,1,0
BRDA:18,1,0,0
BRDA:18,1,1,0
BRF:4
BRH:0
end_of_record
TN:
SF:src/clients/clients.controller.ts
FN:13,(anonymous_4)
FN:16,(anonymous_5)
FN:21,(anonymous_6)
FN:26,(anonymous_7)
FN:31,(anonymous_8)
FN:36,(anonymous_9)
FNF:6
FNH:0
FNDA:0,(anonymous_4)
FNDA:0,(anonymous_5)
FNDA:0,(anonymous_6)
FNDA:0,(anonymous_7)
FNDA:0,(anonymous_8)
FNDA:0,(anonymous_9)
DA:1,0
DA:2,0
DA:3,0
DA:4,0
DA:5,0
DA:6,0
DA:12,0
DA:13,0
DA:16,0
DA:17,0
DA:21,0
DA:22,0
DA:26,0
DA:27,0
DA:31,0
DA:32,0
DA:36,0
DA:37,0
LF:18
LH:0
BRDA:16,0,0,0
BRDA:16,0,1,0
BRDA:16,1,0,0
BRDA:16,1,1,0
BRDA:31,2,0,0
BRDA:31,2,1,0
BRDA:31,3,0,0
BRDA:31,3,1,0
BRDA:13,4,0,0
BRDA:13,4,1,0
BRDA:13,5,0,0
BRDA:13,5,1,0
BRF:12
BRH:0
end_of_record
TN:
SF:src/clients/clients.module.ts
FNF:0
FNH:0
DA:1,0
DA:2,0
DA:3,0
DA:9,0
LF:4
LH:0
BRF:0
BRH:0
end_of_record
TN:
SF:src/clients/clients.service.ts
FN:8,(anonymous_2)
FN:10,(anonymous_3)
FN:24,(anonymous_4)
FN:28,(anonymous_5)
FN:36,(anonymous_6)
FN:47,(anonymous_7)
FNF:6
FNH:6
FNDA:9,(anonymous_2)
FNDA:2,(anonymous_3)
FNDA:1,(anonymous_4)
FNDA:5,(anonymous_5)
FNDA:2,(anonymous_6)
FNDA:1,(anonymous_7)
DA:1,1
DA:4,1
DA:7,1
DA:8,9
DA:11,2
DA:15,2
DA:16,1
DA:19,1
DA:25,1
DA:29,5
DA:32,5
DA:33,4
DA:37,2
DA:38,2
DA:39,1
DA:41,1
DA:48,1
DA:49,1
LF:18
LH:18
BRDA:15,0,0,1
BRDA:15,0,1,1
BRDA:32,1,0,1
BRDA:32,1,1,4
BRDA:38,2,0,1
BRDA:38,2,1,1
BRDA:38,3,0,2
BRDA:38,3,1,1
BRDA:8,4,0,1
BRDA:8,4,1,0
BRDA:8,5,0,1
BRDA:8,5,1,1
BRF:12
BRH:11
end_of_record
TN:
SF:src/clients/dto/create-client.dto.ts
FNF:0
FNH:0
DA:1,0
DA:2,0
DA:4,0
DA:8,0
DA:12,0
DA:16,0
DA:20,0
LF:7
LH:0
BRF:0
BRH:0
end_of_record
TN:
SF:src/clients/dto/update-client.dto.ts
FNF:0
FNH:0
DA:1,0
DA:2,0
DA:4,0
LF:3
LH:0
BRF:0
BRH:0
end_of_record
TN:
SF:src/clients/entities/client.entity.ts
FNF:0
FNH:0
DA:1,0
LF:1
LH:0
BRF:0
BRH:0
end_of_record
TN:
SF:src/common/validators/cpf-cnpj.validator.ts
FN:3,isValidCpf
FN:29,isValidCnpj
FN:66,(anonymous_3)
FN:77,(anonymous_4)
FN:82,IsCpfOrCnpj
FN:83,(anonymous_6)
FNF:6
FNH:3
FNDA:4,isValidCpf
FNDA:4,isValidCnpj
FNDA:10,(anonymous_3)
FNDA:0,(anonymous_4)
FNDA:0,IsCpfOrCnpj
FNDA:0,(anonymous_6)
DA:1,1
DA:4,4
DA:5,4
DA:6,4
DA:8,3
DA:11,3
DA:12,27
DA:14,3
DA:15,3
DA:16,3
DA:18,2
DA:19,2
DA:20,20
DA:22,2
DA:23,2
DA:24,2
DA:26,2
DA:30,4
DA:31,4
DA:32,4
DA:34,3
DA:35,3
DA:36,3
DA:37,3
DA:38,3
DA:40,3
DA:41,36
DA:42,36
DA:45,3
DA:46,3
DA:48,2
DA:49,2
DA:50,2
DA:51,2
DA:53,2
DA:54,26
DA:55,26
DA:58,2
DA:59,2
DA:61,2
DA:65,1
DA:67,10
DA:68,10
DA:69,10
DA:70,4
DA:71,6
DA:72,4
DA:74,2
DA:78,0
DA:82,1
DA:83,0
DA:84,0
LF:52
LH:49
BRDA:5,0,0,0
BRDA:5,0,1,4
BRDA:6,1,0,1
BRDA:6,1,1,3
BRDA:15,2,0,1
BRDA:15,2,1,2
BRDA:15,3,0,3
BRDA:15,3,1,2
BRDA:16,4,0,1
BRDA:16,4,1,2
BRDA:23,5,0,0
BRDA:23,5,1,2
BRDA:23,6,0,2
BRDA:23,6,1,2
BRDA:24,7,0,0
BRDA:24,7,1,2
BRDA:31,8,0,0
BRDA:31,8,1,4
BRDA:32,9,0,1
BRDA:32,9,1,3
BRDA:42,10,0,6
BRDA:42,10,1,30
BRDA:45,11,0,0
BRDA:45,11,1,3
BRDA:46,12,0,1
BRDA:46,12,1,2
BRDA:55,13,0,4
BRDA:55,13,1,22
BRDA:58,14,0,0
BRDA:58,14,1,2
BRDA:59,15,0,0
BRDA:59,15,1,2
BRDA:67,16,0,0
BRDA:67,16,1,10
BRDA:69,17,0,4
BRDA:69,17,1,6
BRDA:71,18,0,4
BRDA:71,18,1,2
BRF:38
BRH:30
end_of_record
TN:
SF:src/common/validators/plate.validator.ts
FN:5,(anonymous_1)
FN:17,(anonymous_2)
FN:22,IsValidPlate
FN:23,(anonymous_4)
FNF:4
FNH:1
FNDA:8,(anonymous_1)
FNDA:0,(anonymous_2)
FNDA:0,IsValidPlate
FNDA:0,(anonymous_4)
DA:1,1
DA:4,1
DA:6,8
DA:7,8
DA:10,8
DA:12,8
DA:14,8
DA:18,0
DA:22,1
DA:23,0
DA:24,0
LF:11
LH:8
BRDA:6,0,0,0
BRDA:6,0,1,8
BRDA:14,1,0,8
BRDA:14,1,1,5
BRF:4
BRH:3
end_of_record
TN:
SF:src/parts/parts.controller.ts
FN:13,(anonymous_4)
FN:16,(anonymous_5)
FN:21,(anonymous_6)
FN:26,(anonymous_7)
FN:31,(anonymous_8)
FN:36,(anonymous_9)
FNF:6
FNH:0
FNDA:0,(anonymous_4)
FNDA:0,(anonymous_5)
FNDA:0,(anonymous_6)
FNDA:0,(anonymous_7)
FNDA:0,(anonymous_8)
FNDA:0,(anonymous_9)
DA:1,0
DA:2,0
DA:3,0
DA:4,0
DA:5,0
DA:6,0
DA:12,0
DA:13,0
DA:16,0
DA:17,0
DA:21,0
DA:22,0
DA:26,0
DA:27,0
DA:31,0
DA:32,0
DA:36,0
DA:37,0
LF:18
LH:0
BRDA:16,0,0,0
BRDA:16,0,1,0
BRDA:16,1,0,0
BRDA:16,1,1,0
BRDA:31,2,0,0
BRDA:31,2,1,0
BRDA:31,3,0,0
BRDA:31,3,1,0
BRDA:13,4,0,0
BRDA:13,4,1,0
BRDA:13,5,0,0
BRDA:13,5,1,0
BRF:12
BRH:0
end_of_record
TN:
SF:src/parts/parts.module.ts
FNF:0
FNH:0
DA:1,0
DA:2,0
DA:3,0
DA:9,0
LF:4
LH:0
BRF:0
BRH:0
end_of_record
TN:
SF:src/parts/parts.service.ts
FN:8,(anonymous_2)
FN:10,(anonymous_3)
FN:16,(anonymous_4)
FN:20,(anonymous_5)
FN:32,(anonymous_6)
FN:41,(anonymous_7)
FNF:6
FNH:0
FNDA:0,(anonymous_2)
FNDA:0,(anonymous_3)
FNDA:0,(anonymous_4)
FNDA:0,(anonymous_5)
FNDA:0,(anonymous_6)
FNDA:0,(anonymous_7)
DA:1,0
DA:4,0
DA:7,0
DA:8,0
DA:11,0
DA:17,0
DA:21,0
DA:25,0
DA:26,0
DA:29,0
DA:33,0
DA:35,0
DA:42,0
DA:44,0
LF:14
LH:0
BRDA:25,0,0,0
BRDA:25,0,1,0
BRDA:8,1,0,0
BRDA:8,1,1,0
BRDA:8,2,0,0
BRDA:8,2,1,0
BRF:6
BRH:0
end_of_record
TN:
SF:src/parts/dto/create-part.dto.ts
FNF:0
FNH:0
DA:1,0
DA:3,0
DA:6,0
DA:10,0
DA:15,0
DA:20,0
LF:6
LH:0
BRF:0
BRH:0
end_of_record
TN:
SF:src/parts/dto/update-part.dto.ts
FNF:0
FNH:0
DA:1,0
DA:2,0
DA:4,0
LF:3
LH:0
BRF:0
BRH:0
end_of_record
TN:
SF:src/parts/entities/part.entity.ts
FNF:0
FNH:0
DA:1,0
LF:1
LH:0
BRF:0
BRH:0
end_of_record
TN:
SF:src/prisma/prisma.module.ts
FNF:0
FNH:0
DA:1,0
DA:2,0
DA:9,0
LF:3
LH:0
BRF:0
BRH:0
end_of_record
TN:
SF:src/prisma/prisma.service.ts
FN:6,(anonymous_1)
FNF:1
FNH:0
FNDA:0,(anonymous_1)
DA:1,3
DA:2,3
DA:5,3
DA:7,0
LF:4
LH:3
BRF:0
BRH:0
end_of_record
TN:
SF:src/service-catalog/service-catalog.controller.ts
FN:13,(anonymous_4)
FN:16,(anonymous_5)
FN:21,(anonymous_6)
FN:26,(anonymous_7)
FN:31,(anonymous_8)
FN:36,(anonymous_9)
FNF:6
FNH:0
FNDA:0,(anonymous_4)
FNDA:0,(anonymous_5)
FNDA:0,(anonymous_6)
FNDA:0,(anonymous_7)
FNDA:0,(anonymous_8)
FNDA:0,(anonymous_9)
DA:1,0
DA:2,0
DA:3,0
DA:4,0
DA:5,0
DA:6,0
DA:12,0
DA:13,0
DA:16,0
DA:17,0
DA:21,0
DA:22,0
DA:26,0
DA:27,0
DA:31,0
DA:32,0
DA:36,0
DA:37,0
LF:18
LH:0
BRDA:16,0,0,0
BRDA:16,0,1,0
BRDA:16,1,0,0
BRDA:16,1,1,0
BRDA:31,2,0,0
BRDA:31,2,1,0
BRDA:31,3,0,0
BRDA:31,3,1,0
BRDA:13,4,0,0
BRDA:13,4,1,0
BRDA:13,5,0,0
BRDA:13,5,1,0
BRF:12
BRH:0
end_of_record
TN:
SF:src/service-catalog/service-catalog.module.ts
FNF:0
FNH:0
DA:1,0
DA:2,0
DA:3,0
DA:9,0
LF:4
LH:0
BRF:0
BRH:0
end_of_record
TN:
SF:src/service-catalog/service-catalog.service.ts
FN:8,(anonymous_2)
FN:10,(anonymous_3)
FN:16,(anonymous_4)
FN:20,(anonymous_5)
FN:32,(anonymous_6)
FN:41,(anonymous_7)
FNF:6
FNH:0
FNDA:0,(anonymous_2)
FNDA:0,(anonymous_3)
FNDA:0,(anonymous_4)
FNDA:0,(anonymous_5)
FNDA:0,(anonymous_6)
FNDA:0,(anonymous_7)
DA:1,0
DA:4,0
DA:7,0
DA:8,0
DA:11,0
DA:17,0
DA:21,0
DA:25,0
DA:26,0
DA:29,0
DA:33,0
DA:35,0
DA:42,0
DA:44,0
LF:14
LH:0
BRDA:25,0,0,0
BRDA:25,0,1,0
BRDA:8,1,0,0
BRDA:8,1,1,0
BRDA:8,2,0,0
BRDA:8,2,1,0
BRF:6
BRH:0
end_of_record
TN:
SF:src/service-catalog/dto/create-service-catalog.dto.ts
FNF:0
FNH:0
DA:1,0
DA:3,0
DA:6,0
DA:10,0
DA:15,0
LF:5
LH:0
BRF:0
BRH:0
end_of_record
TN:
SF:src/service-catalog/dto/update-service-catalog.dto.ts
FNF:0
FNH:0
DA:1,0
DA:2,0
DA:4,0
LF:3
LH:0
BRF:0
BRH:0
end_of_record
TN:
SF:src/service-catalog/entities/service-catalog.entity.ts
FNF:0
FNH:0
DA:1,0
LF:1
LH:0
BRF:0
BRH:0
end_of_record
TN:
SF:src/service-orders/service-orders.controller.ts
FN:12,(anonymous_4)
FN:17,(anonymous_5)
FN:24,(anonymous_6)
FN:31,(anonymous_7)
FN:36,(anonymous_8)
FN:43,(anonymous_9)
FN:50,(anonymous_10)
FN:57,(anonymous_11)
FN:64,(anonymous_12)
FNF:9
FNH:0
FNDA:0,(anonymous_4)
FNDA:0,(anonymous_5)
FNDA:0,(anonymous_6)
FNDA:0,(anonymous_7)
FNDA:0,(anonymous_8)
FNDA:0,(anonymous_9)
FNDA:0,(anonymous_10)
FNDA:0,(anonymous_11)
FNDA:0,(anonymous_12)
DA:1,0
DA:2,0
DA:3,0
DA:4,0
DA:5,0
DA:6,0
DA:7,0
DA:11,0
DA:12,0
DA:17,0
DA:18,0
DA:24,0
DA:25,0
DA:31,0
DA:32,0
DA:36,0
DA:37,0
DA:43,0
DA:44,0
DA:50,0
DA:51,0
DA:57,0
DA:58,0
DA:64,0
DA:65,0
LF:25
LH:0
BRDA:17,0,0,0
BRDA:17,0,1,0
BRDA:17,1,0,0
BRDA:17,1,1,0
BRDA:43,2,0,0
BRDA:43,2,1,0
BRDA:43,3,0,0
BRDA:43,3,1,0
BRDA:50,4,0,0
BRDA:50,4,1,0
BRDA:50,5,0,0
BRDA:50,5,1,0
BRDA:57,6,0,0
BRDA:57,6,1,0
BRDA:57,7,0,0
BRDA:57,7,1,0
BRDA:12,8,0,0
BRDA:12,8,1,0
BRDA:12,9,0,0
BRDA:12,9,1,0
BRF:20
BRH:0
end_of_record
TN:
SF:src/service-orders/service-orders.module.ts
FNF:0
FNH:0
DA:1,0
DA:2,0
DA:3,0
DA:9,0
LF:4
LH:0
BRF:0
BRH:0
end_of_record
TN:
SF:src/service-orders/service-orders.service.ts
FN:10,(anonymous_2)
FN:12,(anonymous_3)
FN:35,(anonymous_4)
FN:44,(anonymous_5)
FN:62,(anonymous_6)
FN:79,(anonymous_7)
FN:104,(anonymous_8)
FN:139,(anonymous_9)
FN:142,(anonymous_10)
FN:143,(anonymous_11)
FN:158,(anonymous_12)
FNF:11
FNH:11
FNDA:19,(anonymous_2)
FNDA:3,(anonymous_3)
FNDA:1,(anonymous_4)
FNDA:2,(anonymous_5)
FNDA:2,(anonymous_6)
FNDA:3,(anonymous_7)
FNDA:4,(anonymous_8)
FNDA:1,(anonymous_9)
FNDA:1,(anonymous_10)
FNDA:1,(anonymous_11)
FNDA:2,(anonymous_12)
DA:1,1
DA:2,1
DA:6,1
DA:9,1
DA:10,19
DA:14,3
DA:18,3
DA:19,1
DA:22,2
DA:23,1
DA:26,1
DA:36,1
DA:45,2
DA:55,2
DA:56,1
DA:59,1
DA:63,2
DA:65,2
DA:67,2
DA:68,1
DA:69,1
DA:70,1
DA:73,2
DA:80,3
DA:82,3
DA:83,1
DA:86,2
DA:90,2
DA:91,1
DA:94,1
DA:105,4
DA:107,4
DA:108,1
DA:111,3
DA:115,3
DA:116,1
DA:119,2
DA:120,1
DA:124,1
DA:129,1
DA:140,1
DA:142,1
DA:143,1
DA:145,1
DA:147,1
DA:155,1
DA:159,2
DA:171,2
DA:172,1
DA:179,1
DA:180,1
DA:181,2
DA:182,2
DA:183,2
DA:186,1
DA:188,1
LF:56
LH:56
BRDA:18,0,0,1
BRDA:18,0,1,2
BRDA:22,1,0,1
BRDA:22,1,1,1
BRDA:55,2,0,1
BRDA:55,2,1,1
BRDA:67,3,0,1
BRDA:67,3,1,1
BRDA:67,4,0,2
BRDA:67,4,1,1
BRDA:69,5,0,1
BRDA:69,5,1,0
BRDA:69,6,0,1
BRDA:69,6,1,1
BRDA:82,7,0,1
BRDA:82,7,1,2
BRDA:82,8,0,3
BRDA:82,8,1,3
BRDA:90,9,0,1
BRDA:90,9,1,1
BRDA:107,10,0,1
BRDA:107,10,1,3
BRDA:107,11,0,4
BRDA:107,11,1,4
BRDA:115,12,0,1
BRDA:115,12,1,2
BRDA:119,13,0,1
BRDA:119,13,1,1
BRDA:171,14,0,1
BRDA:171,14,1,1
BRDA:10,15,0,1
BRDA:10,15,1,0
BRDA:10,16,0,1
BRDA:10,16,1,1
BRF:34
BRH:32
end_of_record
TN:
SF:src/service-orders/dto/add-item-to-order.dto.ts
FNF:0
FNH:0
DA:1,0
DA:3,0
DA:7,0
DA:11,0
LF:4
LH:0
BRF:0
BRH:0
end_of_record
TN:
SF:src/service-orders/dto/create-service-order.dto.ts
FNF:0
FNH:0
DA:1,0
DA:3,0
DA:7,0
DA:12,0
LF:4
LH:0
BRF:0
BRH:0
end_of_record
TN:
SF:src/service-orders/dto/update-service-order-status.dto.ts
FNF:0
FNH:0
DA:1,0
DA:2,0
DA:4,0
DA:7,0
LF:4
LH:0
BRDA:7,0,0,0
BRDA:7,0,1,0
BRDA:7,1,0,0
BRDA:7,1,1,0
BRF:4
BRH:0
end_of_record
TN:
SF:src/vehicles/vehicles.controller.ts
FN:13,(anonymous_4)
FN:16,(anonymous_5)
FN:21,(anonymous_6)
FN:26,(anonymous_7)
FN:31,(anonymous_8)
FN:36,(anonymous_9)
FNF:6
FNH:0
FNDA:0,(anonymous_4)
FNDA:0,(anonymous_5)
FNDA:0,(anonymous_6)
FNDA:0,(anonymous_7)
FNDA:0,(anonymous_8)
FNDA:0,(anonymous_9)
DA:1,0
DA:2,0
DA:3,0
DA:4,0
DA:5,0
DA:6,0
DA:12,0
DA:13,0
DA:16,0
DA:17,0
DA:21,0
DA:22,0
DA:26,0
DA:27,0
DA:31,0
DA:32,0
DA:36,0
DA:37,0
LF:18
LH:0
BRDA:16,0,0,0
BRDA:16,0,1,0
BRDA:16,1,0,0
BRDA:16,1,1,0
BRDA:31,2,0,0
BRDA:31,2,1,0
BRDA:31,3,0,0
BRDA:31,3,1,0
BRDA:13,4,0,0
BRDA:13,4,1,0
BRDA:13,5,0,0
BRDA:13,5,1,0
BRF:12
BRH:0
end_of_record
TN:
SF:src/vehicles/vehicles.module.ts
FNF:0
FNH:0
DA:1,0
DA:2,0
DA:3,0
DA:9,0
LF:4
LH:0
BRF:0
BRH:0
end_of_record
TN:
SF:src/vehicles/vehicles.service.ts
FN:8,(anonymous_2)
FN:10,(anonymous_3)
FN:33,(anonymous_4)
FN:39,(anonymous_5)
FN:48,(anonymous_6)
FN:56,(anonymous_7)
FNF:6
FNH:6
FNDA:9,(anonymous_2)
FNDA:3,(anonymous_3)
FNDA:1,(anonymous_4)
FNDA:4,(anonymous_5)
FNDA:1,(anonymous_6)
FNDA:1,(anonymous_7)
DA:1,1
DA:4,1
DA:7,1
DA:8,9
DA:11,3
DA:15,3
DA:16,1
DA:20,2
DA:24,2
DA:25,1
DA:28,1
DA:34,1
DA:40,4
DA:44,4
DA:45,3
DA:49,1
DA:50,1
DA:57,1
DA:58,1
LF:19
LH:19
BRDA:15,0,0,1
BRDA:15,0,1,2
BRDA:24,1,0,1
BRDA:24,1,1,1
BRDA:44,2,0,1
BRDA:44,2,1,3
BRDA:8,3,0,1
BRDA:8,3,1,0
BRDA:8,4,0,1
BRDA:8,4,1,1
BRF:10
BRH:9
end_of_record
TN:
SF:src/vehicles/dto/create-vehicle.dto.ts
FNF:0
FNH:0
DA:1,0
DA:2,0
DA:4,0
DA:8,0
DA:12,0
DA:16,0
DA:20,0
DA:24,0
LF:8
LH:0
BRF:0
BRH:0
end_of_record
TN:
SF:src/vehicles/dto/update-vehicle.dto.ts
FNF:0
FNH:0
DA:1,0
DA:2,0
DA:4,0
LF:3
LH:0
BRF:0
BRH:0
end_of_record
TN:
SF:src/vehicles/entities/vehicle.entity.ts
FNF:0
FNH:0
DA:1,0
LF:1
LH:0
BRF:0
BRH:0
end_of_record
